#
# There is insufficient memory for the Java Runtime Environment to continue.
# Native memory allocation (malloc) failed to allocate 651776 bytes for Chunk::new
# Possible reasons:
#   The system is out of physical RAM or swap space
#   The process is running with CompressedOops enabled, and the Java Heap may be blocking the growth of the native heap
# Possible solutions:
#   Reduce memory load on the system
#   Increase physical memory or swap space
#   Check if swap backing store is full
#   Decrease Java heap size (-Xmx/-Xms)
#   Decrease number of Java threads
#   Decrease Java thread stack sizes (-Xss)
#   Set larger code cache with -XX:ReservedCodeCacheSize=
#   JVM is running with Unscaled Compressed Oops mode in which the Java heap is
#     placed in the first 4GB address space. The Java Heap base address is the
#     maximum limit for the native heap growth. Please use -XX:HeapBaseMinAddress
#     to set the Java Heap base and to place the Java Heap above 4GB virtual address.
# This output file may be truncated or incomplete.
#
#  Out of Memory Error (allocation.cpp:389), pid=12240, tid=0x00000000000031f0
#
# JRE version: OpenJDK Runtime Environment (8.0_242-b01) (build 1.8.0_242-release-1644-b01)
# Java VM: OpenJDK 64-Bit Server VM (25.242-b01 mixed mode windows-amd64 compressed oops)
# Failed to write core dump. Minidumps are not enabled by default on client versions of Windows
#

---------------  T H R E A D  ---------------

Current thread (0x00000000177fd000):  JavaThread "C2 CompilerThread1" daemon [_thread_in_native, id=12784, stack(0x0000000019ff0000,0x000000001a0f0000)]

Stack: [0x0000000019ff0000,0x000000001a0f0000]
[error occurred during error reporting (printing stack bounds), id 0xc0000005]

Native frames: (J=compiled Java code, j=interpreted, Vv=VM code, C=native code)


Current CompileTask:
C2: 289476 14912       4       org.gradle.internal.logging.sink.LogEventDispatcher::dispatch (12 bytes)


---------------  P R O C E S S  ---------------

Java Threads: ( => current thread )
  0x000000001eb56000 JavaThread "Cache worker for execution history cache (C:\Users\admin\AndroidStudioProjects\FactorySmartSystem\.gradle\6.5\executionHistory)" [_thread_blocked, id=12516, stack(0x000000002b1a0000,0x000000002b2a0000)]
  0x000000001c854800 JavaThread "Execution worker for ':' Thread 7" [_thread_blocked, id=8356, stack(0x000000002b0a0000,0x000000002b1a0000)]
  0x000000001c853800 JavaThread "Execution worker for ':' Thread 6" [_thread_blocked, id=3052, stack(0x000000002afa0000,0x000000002b0a0000)]
  0x000000001c853000 JavaThread "Execution worker for ':' Thread 5" [_thread_blocked, id=14660, stack(0x000000002aea0000,0x000000002afa0000)]
  0x000000001c851800 JavaThread "Execution worker for ':' Thread 4" [_thread_blocked, id=14804, stack(0x000000002aba0000,0x000000002aca0000)]
  0x000000001c850800 JavaThread "Execution worker for ':' Thread 3" [_thread_blocked, id=14896, stack(0x000000002a6a0000,0x000000002a7a0000)]
  0x000000001c852000 JavaThread "Execution worker for ':' Thread 2" [_thread_blocked, id=15028, stack(0x00000000284b0000,0x00000000285b0000)]
  0x000000001c855000 JavaThread "Execution worker for ':'" [_thread_in_Java, id=8324, stack(0x00000000281b0000,0x00000000282b0000)]
  0x000000001c84f000 JavaThread "Cache worker for file content cache (C:\Users\admin\AndroidStudioProjects\FactorySmartSystem\.gradle\6.5\fileContent)" [_thread_blocked, id=1952, stack(0x00000000280b0000,0x00000000281b0000)]
  0x000000001c848800 JavaThread "Cache worker for Build Output Cleanup Cache (C:\Users\admin\AndroidStudioProjects\FactorySmartSystem\.gradle\buildOutputCleanup)" [_thread_blocked, id=5708, stack(0x0000000027fb0000,0x00000000280b0000)]
  0x000000001c84e800 JavaThread "jar transforms Thread 184" [_thread_blocked, id=14244, stack(0x0000000027eb0000,0x0000000027fb0000)]
  0x000000001c84a000 JavaThread "jar transforms Thread 183" [_thread_blocked, id=11332, stack(0x0000000027db0000,0x0000000027eb0000)]
  0x000000001c84d800 JavaThread "jar transforms Thread 182" [_thread_blocked, id=4504, stack(0x0000000027cb0000,0x0000000027db0000)]
  0x000000001c849000 JavaThread "jar transforms Thread 181" [_thread_blocked, id=14380, stack(0x0000000027bb0000,0x0000000027cb0000)]
  0x000000001c84a800 JavaThread "jar transforms Thread 180" [_thread_blocked, id=10332, stack(0x0000000027ab0000,0x0000000027bb0000)]
  0x000000001c846000 JavaThread "jar transforms Thread 179" [_thread_blocked, id=3864, stack(0x00000000279b0000,0x0000000027ab0000)]
  0x000000001c84d000 JavaThread "jar transforms Thread 178" [_thread_blocked, id=12228, stack(0x00000000278b0000,0x00000000279b0000)]
  0x000000001c84b800 JavaThread "jar transforms Thread 177" [_thread_blocked, id=13780, stack(0x00000000277b0000,0x00000000278b0000)]
  0x000000001c84c000 JavaThread "jar transforms Thread 176" [_thread_blocked, id=6600, stack(0x00000000276b0000,0x00000000277b0000)]
  0x000000001c847800 JavaThread "jar transforms Thread 175" [_thread_blocked, id=12812, stack(0x00000000275b0000,0x00000000276b0000)]
  0x000000001c847000 JavaThread "jar transforms Thread 174" [_thread_blocked, id=7300, stack(0x00000000274b0000,0x00000000275b0000)]
  0x000000001ad2f800 JavaThread "jar transforms Thread 173" [_thread_blocked, id=9816, stack(0x00000000273b0000,0x00000000274b0000)]
  0x000000001ad2e800 JavaThread "jar transforms Thread 172" [_thread_blocked, id=14912, stack(0x00000000272b0000,0x00000000273b0000)]
  0x000000001ad2e000 JavaThread "jar transforms Thread 171" [_thread_blocked, id=720, stack(0x00000000271b0000,0x00000000272b0000)]
  0x000000001ad2d000 JavaThread "jar transforms Thread 170" [_thread_blocked, id=14060, stack(0x00000000270b0000,0x00000000271b0000)]
  0x000000001ad2c800 JavaThread "jar transforms Thread 169" [_thread_blocked, id=9720, stack(0x0000000026fb0000,0x00000000270b0000)]
  0x000000001ad2b800 JavaThread "jar transforms Thread 168" [_thread_blocked, id=2012, stack(0x0000000026eb0000,0x0000000026fb0000)]
  0x000000001ad2b000 JavaThread "jar transforms Thread 167" [_thread_blocked, id=8672, stack(0x0000000026db0000,0x0000000026eb0000)]
  0x000000001ad2a000 JavaThread "jar transforms Thread 166" [_thread_blocked, id=12892, stack(0x0000000026cb0000,0x0000000026db0000)]
  0x000000001ad22800 JavaThread "jar transforms Thread 165" [_thread_blocked, id=15116, stack(0x0000000026bb0000,0x0000000026cb0000)]
  0x000000001ad26800 JavaThread "jar transforms Thread 164" [_thread_blocked, id=9440, stack(0x0000000026ab0000,0x0000000026bb0000)]
  0x000000001ad29800 JavaThread "jar transforms Thread 163" [_thread_blocked, id=15260, stack(0x00000000269b0000,0x0000000026ab0000)]
  0x000000001ad28800 JavaThread "jar transforms Thread 162" [_thread_blocked, id=1612, stack(0x00000000268b0000,0x00000000269b0000)]
  0x000000001ad25800 JavaThread "jar transforms Thread 161" [_thread_blocked, id=12960, stack(0x00000000267b0000,0x00000000268b0000)]
  0x000000001ad28000 JavaThread "jar transforms Thread 160" [_thread_blocked, id=14092, stack(0x00000000266b0000,0x00000000267b0000)]
  0x000000001ad24000 JavaThread "jar transforms Thread 159" [_thread_blocked, id=14340, stack(0x00000000265b0000,0x00000000266b0000)]
  0x000000001ad27000 JavaThread "jar transforms Thread 158" [_thread_blocked, id=7240, stack(0x00000000264b0000,0x00000000265b0000)]
  0x000000001ad22000 JavaThread "jar transforms Thread 157" [_thread_blocked, id=3856, stack(0x00000000263b0000,0x00000000264b0000)]
  0x000000001ad21000 JavaThread "jar transforms Thread 156" [_thread_blocked, id=8752, stack(0x00000000262b0000,0x00000000263b0000)]
  0x000000001ad23800 JavaThread "jar transforms Thread 155" [_thread_blocked, id=14636, stack(0x00000000261b0000,0x00000000262b0000)]
  0x000000001ad20800 JavaThread "jar transforms Thread 154" [_thread_blocked, id=11752, stack(0x00000000260b0000,0x00000000261b0000)]
  0x000000001ad25000 JavaThread "jar transforms Thread 153" [_thread_blocked, id=8072, stack(0x0000000025fb0000,0x00000000260b0000)]
  0x000000001c23e000 JavaThread "jar transforms Thread 152" [_thread_blocked, id=14112, stack(0x0000000025eb0000,0x0000000025fb0000)]
  0x000000001c23c000 JavaThread "jar transforms Thread 151" [_thread_blocked, id=11740, stack(0x0000000025db0000,0x0000000025eb0000)]
  0x000000001c23d800 JavaThread "jar transforms Thread 150" [_thread_blocked, id=2196, stack(0x0000000025cb0000,0x0000000025db0000)]
  0x000000001c23a800 JavaThread "jar transforms Thread 149" [_thread_blocked, id=6768, stack(0x0000000025bb0000,0x0000000025cb0000)]
  0x000000001c237800 JavaThread "jar transforms Thread 148" [_thread_blocked, id=15348, stack(0x0000000025ab0000,0x0000000025bb0000)]
  0x000000001c4e9800 JavaThread "jar transforms Thread 147" [_thread_blocked, id=10496, stack(0x00000000259b0000,0x0000000025ab0000)]
  0x000000001c4ea800 JavaThread "jar transforms Thread 146" [_thread_blocked, id=14440, stack(0x00000000258b0000,0x00000000259b0000)]
  0x000000001c4e8000 JavaThread "jar transforms Thread 145" [_thread_blocked, id=4200, stack(0x00000000257b0000,0x00000000258b0000)]
  0x000000001c4e9000 JavaThread "jar transforms Thread 144" [_thread_blocked, id=14140, stack(0x00000000256b0000,0x00000000257b0000)]
  0x000000001c4e7000 JavaThread "jar transforms Thread 143" [_thread_blocked, id=14464, stack(0x00000000255b0000,0x00000000256b0000)]
  0x000000001c4ee000 JavaThread "jar transforms Thread 142" [_thread_blocked, id=9652, stack(0x00000000254b0000,0x00000000255b0000)]
  0x00000000294f4800 JavaThread "jar transforms Thread 141" [_thread_blocked, id=4328, stack(0x00000000253b0000,0x00000000254b0000)]
  0x00000000294f3800 JavaThread "jar transforms Thread 140" [_thread_blocked, id=9312, stack(0x00000000252b0000,0x00000000253b0000)]
  0x00000000294f2000 JavaThread "jar transforms Thread 139" [_thread_blocked, id=13432, stack(0x00000000251b0000,0x00000000252b0000)]
  0x00000000294f6000 JavaThread "jar transforms Thread 138" [_thread_blocked, id=10108, stack(0x00000000250b0000,0x00000000251b0000)]
  0x00000000294f3000 JavaThread "jar transforms Thread 137" [_thread_blocked, id=7432, stack(0x0000000024fb0000,0x00000000250b0000)]
  0x00000000294f7800 JavaThread "jar transforms Thread 136" [_thread_blocked, id=14756, stack(0x0000000024eb0000,0x0000000024fb0000)]
  0x00000000294ea000 JavaThread "jar transforms Thread 135" [_thread_blocked, id=2332, stack(0x0000000024db0000,0x0000000024eb0000)]
  0x00000000294e9000 JavaThread "jar transforms Thread 134" [_thread_blocked, id=5456, stack(0x0000000024cb0000,0x0000000024db0000)]
  0x00000000294f0000 JavaThread "jar transforms Thread 133" [_thread_blocked, id=15284, stack(0x0000000024bb0000,0x0000000024cb0000)]
  0x00000000294ed800 JavaThread "jar transforms Thread 132" [_thread_blocked, id=12204, stack(0x0000000024ab0000,0x0000000024bb0000)]
  0x00000000294ed000 JavaThread "jar transforms Thread 131" [_thread_blocked, id=15216, stack(0x00000000249b0000,0x0000000024ab0000)]
  0x00000000294e8800 JavaThread "jar transforms Thread 130" [_thread_blocked, id=2352, stack(0x00000000248b0000,0x00000000249b0000)]
  0x00000000294ee800 JavaThread "jar transforms Thread 129" [_thread_blocked, id=12460, stack(0x00000000247b0000,0x00000000248b0000)]
  0x0000000029533800 JavaThread "jar transforms Thread 128" [_thread_blocked, id=620, stack(0x00000000246b0000,0x00000000247b0000)]
  0x0000000029533000 JavaThread "jar transforms Thread 127" [_thread_blocked, id=14004, stack(0x00000000245b0000,0x00000000246b0000)]
  0x0000000029531800 JavaThread "jar transforms Thread 126" [_thread_blocked, id=4708, stack(0x00000000244b0000,0x00000000245b0000)]
  0x0000000029530000 JavaThread "jar transforms Thread 125" [_thread_blocked, id=2256, stack(0x00000000243b0000,0x00000000244b0000)]
  0x0000000029534800 JavaThread "jar transforms Thread 124" [_thread_blocked, id=9492, stack(0x00000000242b0000,0x00000000243b0000)]
  0x0000000029528800 JavaThread "jar transforms Thread 123" [_thread_blocked, id=6484, stack(0x00000000241b0000,0x00000000242b0000)]
  0x000000002952f000 JavaThread "jar transforms Thread 122" [_thread_blocked, id=4772, stack(0x00000000240b0000,0x00000000241b0000)]
  0x0000000029527800 JavaThread "jar transforms Thread 121" [_thread_blocked, id=820, stack(0x0000000023fb0000,0x00000000240b0000)]
  0x000000002952e800 JavaThread "jar transforms Thread 120" [_thread_blocked, id=14644, stack(0x0000000023eb0000,0x0000000023fb0000)]
  0x000000002952d800 JavaThread "jar transforms Thread 119" [_thread_blocked, id=14788, stack(0x0000000023db0000,0x0000000023eb0000)]
  0x0000000029526000 JavaThread "jar transforms Thread 118" [_thread_blocked, id=14844, stack(0x0000000023cb0000,0x0000000023db0000)]
  0x000000002952d000 JavaThread "jar transforms Thread 117" [_thread_blocked, id=7736, stack(0x0000000023bb0000,0x0000000023cb0000)]
  0x000000002952b800 JavaThread "jar transforms Thread 116" [_thread_blocked, id=11388, stack(0x0000000023ab0000,0x0000000023bb0000)]
  0x000000002952a800 JavaThread "jar transforms Thread 115" [_thread_blocked, id=3460, stack(0x00000000239b0000,0x0000000023ab0000)]
  0x0000000029527000 JavaThread "jar transforms Thread 114" [_thread_blocked, id=10864, stack(0x00000000238b0000,0x00000000239b0000)]
  0x000000002952a000 JavaThread "jar transforms Thread 113" [_thread_blocked, id=6280, stack(0x00000000237b0000,0x00000000238b0000)]
  0x0000000029529000 JavaThread "jar transforms Thread 112" [_thread_blocked, id=940, stack(0x00000000236b0000,0x00000000237b0000)]
  0x0000000029525800 JavaThread "jar transforms Thread 111" [_thread_blocked, id=2916, stack(0x00000000235b0000,0x00000000236b0000)]
  0x000000001ba95000 JavaThread "jar transforms Thread 110" [_thread_blocked, id=15304, stack(0x00000000234b0000,0x00000000235b0000)]
  0x000000001ba90800 JavaThread "jar transforms Thread 109" [_thread_blocked, id=7580, stack(0x00000000233b0000,0x00000000234b0000)]
  0x000000001ba8d800 JavaThread "jar transforms Thread 108" [_thread_blocked, id=14364, stack(0x00000000232b0000,0x00000000233b0000)]
  0x000000001ba90000 JavaThread "jar transforms Thread 107" [_thread_blocked, id=13624, stack(0x00000000231b0000,0x00000000232b0000)]
  0x000000001ba8f000 JavaThread "jar transforms Thread 106" [_thread_blocked, id=12776, stack(0x00000000230b0000,0x00000000231b0000)]
  0x000000001ba94800 JavaThread "jar transforms Thread 105" [_thread_blocked, id=13960, stack(0x0000000022fb0000,0x00000000230b0000)]
  0x000000001ba93800 JavaThread "jar transforms Thread 104" [_thread_blocked, id=12236, stack(0x0000000022eb0000,0x0000000022fb0000)]
  0x000000001ba93000 JavaThread "jar transforms Thread 103" [_thread_blocked, id=13320, stack(0x0000000022db0000,0x0000000022eb0000)]
  0x000000001ba91800 JavaThread "jar transforms Thread 102" [_thread_blocked, id=1788, stack(0x0000000022cb0000,0x0000000022db0000)]
  0x000000001ba92000 JavaThread "jar transforms Thread 101" [_thread_blocked, id=1436, stack(0x0000000022bb0000,0x0000000022cb0000)]
  0x000000001ba88000 JavaThread "jar transforms Thread 100" [_thread_blocked, id=15104, stack(0x0000000022ab0000,0x0000000022bb0000)]
  0x000000001ba8c000 JavaThread "jar transforms Thread 99" [_thread_blocked, id=3076, stack(0x00000000229b0000,0x0000000022ab0000)]
  0x000000001ba89800 JavaThread "jar transforms Thread 98" [_thread_blocked, id=14860, stack(0x00000000228b0000,0x00000000229b0000)]
  0x000000001ba87800 JavaThread "jar transforms Thread 97" [_thread_blocked, id=4972, stack(0x00000000227b0000,0x00000000228b0000)]
  0x000000001ba8e800 JavaThread "jar transforms Thread 96" [_thread_blocked, id=8084, stack(0x00000000225b0000,0x00000000226b0000)]
  0x000000001ba86000 JavaThread "jar transforms Thread 95" [_thread_blocked, id=11484, stack(0x00000000224b0000,0x00000000225b0000)]
  0x000000001ba8b800 JavaThread "jar transforms Thread 94" [_thread_blocked, id=32, stack(0x00000000223b0000,0x00000000224b0000)]
  0x000000001ba8a800 JavaThread "jar transforms Thread 93" [_thread_blocked, id=11960, stack(0x00000000222b0000,0x00000000223b0000)]
  0x000000001c928800 JavaThread "Build operations Thread 8" [_thread_blocked, id=13596, stack(0x00000000221b0000,0x00000000222b0000)]
  0x000000001c927000 JavaThread "Build operations Thread 7" [_thread_blocked, id=15188, stack(0x00000000220b0000,0x00000000221b0000)]
  0x000000001c926000 JavaThread "Build operations Thread 6" [_thread_blocked, id=2236, stack(0x0000000021fb0000,0x00000000220b0000)]
  0x000000001c927800 JavaThread "Build operations Thread 5" [_thread_blocked, id=14456, stack(0x0000000021eb0000,0x0000000021fb0000)]
  0x000000001c925800 JavaThread "Build operations Thread 4" [_thread_blocked, id=10892, stack(0x00000000216b0000,0x00000000217b0000)]
  0x000000001c92c000 JavaThread "Build operations Thread 3" [_thread_blocked, id=10364, stack(0x0000000020eb0000,0x0000000020fb0000)]
  0x000000001c929000 JavaThread "Build operations Thread 2" [_thread_blocked, id=14448, stack(0x0000000020db0000,0x0000000020eb0000)]
  0x000000001c924800 JavaThread "Build operations" [_thread_blocked, id=15180, stack(0x0000000020cb0000,0x0000000020db0000)]
  0x000000001c92a000 JavaThread "Cache worker for cache directory md-rule (C:\Users\admin\.gradle\caches\6.5\md-rule)" [_thread_blocked, id=13216, stack(0x00000000209b0000,0x0000000020ab0000)]
  0x000000001c91d000 JavaThread "Cache worker for cache directory md-supplier (C:\Users\admin\.gradle\caches\6.5\md-supplier)" [_thread_blocked, id=1756, stack(0x000000001e010000,0x000000001e110000)]
  0x000000001c923000 JavaThread "Cache worker for checksums cache (C:\Users\admin\AndroidStudioProjects\FactorySmartSystem\.gradle\checksums)" [_thread_blocked, id=14568, stack(0x000000001dd10000,0x000000001de10000)]
  0x000000001c920000 JavaThread "Cache worker for file hash cache (C:\Users\admin\AndroidStudioProjects\FactorySmartSystem\.gradle\6.5\fileHashes)" [_thread_blocked, id=11428, stack(0x000000001dc10000,0x000000001dd10000)]
  0x000000001c921800 JavaThread "Thread-149" [_thread_blocked, id=868, stack(0x000000001d910000,0x000000001da10000)]
  0x000000001c922000 JavaThread "Stdin handler" [_thread_blocked, id=6416, stack(0x000000001d810000,0x000000001d910000)]
  0x000000001c920800 JavaThread "Asynchronous log dispatcher for DefaultDaemonConnection: socket connection from /127.0.0.1:63759 to /127.0.0.1:64088" [_thread_blocked, id=14496, stack(0x000000001d3d0000,0x000000001d4d0000)]
  0x000000001c91e800 JavaThread "Daemon worker Thread 2" [_thread_blocked, id=14188, stack(0x000000001d2d0000,0x000000001d3d0000)]
  0x000000001c91f000 JavaThread "Cancel handler" [_thread_blocked, id=2788, stack(0x0000000000a60000,0x0000000000b60000)]
  0x000000001c923800 JavaThread "Handler for socket connection from /127.0.0.1:63759 to /127.0.0.1:64088" [_thread_in_native, id=10820, stack(0x0000000000960000,0x0000000000a60000)]
  0x000000001c91d800 JavaThread "Daemon Thread 2" [_thread_blocked, id=5072, stack(0x0000000000860000,0x0000000000960000)]
  0x00000000294f1800 JavaThread "Cache worker for Java compile cache (C:\Users\admin\.gradle\caches\6.5\javaCompile)" [_thread_blocked, id=1608, stack(0x000000002bbd0000,0x000000002bcd0000)]
  0x000000001c4ec800 JavaThread "Memory manager" [_thread_blocked, id=3352, stack(0x0000000028bb0000,0x0000000028cb0000)]
  0x000000001c238000 JavaThread "Cache worker for file content cache (C:\Users\admin\.gradle\caches\6.5\fileContent)" [_thread_blocked, id=3656, stack(0x00000000217b0000,0x00000000218b0000)]
  0x000000001c23c800 JavaThread "Cache worker for execution history cache (C:\Users\admin\.gradle\caches\6.5\executionHistory)" [_thread_blocked, id=12940, stack(0x0000000020fb0000,0x00000000210b0000)]
  0x000000001c239800 JavaThread "Cache worker for file hash cache (C:\Users\admin\.gradle\caches\6.5\fileHashes)" [_thread_blocked, id=14744, stack(0x000000001e510000,0x000000001e610000)]
  0x000000001c195800 JavaThread "File lock request listener" [_thread_in_native, id=14324, stack(0x000000001e410000,0x000000001e510000)]
  0x000000001a8bb800 JavaThread "Cache worker for journal cache (C:\Users\admin\.gradle\caches\journal-1)" [_thread_blocked, id=14792, stack(0x000000001e310000,0x000000001e410000)]
  0x000000001bf49800 JavaThread "Daemon periodic checks" [_thread_blocked, id=11724, stack(0x000000001d710000,0x000000001d810000)]
  0x000000001bef0800 JavaThread "Incoming local TCP Connector on port 63759" [_thread_in_native, id=7180, stack(0x000000001d4d0000,0x000000001d5d0000)]
  0x000000001a902800 JavaThread "Daemon health stats" [_thread_blocked, id=14832, stack(0x000000001ce90000,0x000000001cf90000)]
  0x00000000196c4000 JavaThread "Service Thread" daemon [_thread_blocked, id=13908, stack(0x000000001a2f0000,0x000000001a3f0000)]
  0x0000000019632000 JavaThread "C1 CompilerThread3" daemon [_thread_blocked, id=15012, stack(0x000000001a1f0000,0x000000001a2f0000)]
  0x000000001962e800 JavaThread "C2 CompilerThread2" daemon [_thread_in_native, id=612, stack(0x000000001a0f0000,0x000000001a1f0000)]
=>0x00000000177fd000 JavaThread "C2 CompilerThread1" daemon [_thread_in_native, id=12784, stack(0x0000000019ff0000,0x000000001a0f0000)]
  0x0000000019621800 JavaThread "C2 CompilerThread0" daemon [_thread_in_native, id=4304, stack(0x0000000019ef0000,0x0000000019ff0000)]
  0x0000000019620000 JavaThread "Attach Listener" daemon [_thread_blocked, id=12736, stack(0x0000000019df0000,0x0000000019ef0000)]
  0x000000001961f800 JavaThread "Signal Dispatcher" daemon [_thread_blocked, id=14128, stack(0x0000000019cf0000,0x0000000019df0000)]
  0x000000000277e000 JavaThread "Finalizer" daemon [_thread_blocked, id=7940, stack(0x0000000019af0000,0x0000000019bf0000)]
  0x0000000002777000 JavaThread "Reference Handler" daemon [_thread_blocked, id=14604, stack(0x00000000199f0000,0x0000000019af0000)]
  0x0000000000c3d800 JavaThread "main" [_thread_blocked, id=14396, stack(0x0000000002480000,0x0000000002580000)]

Other Threads:
  0x00000000177e6000 VMThread [stack: 0x00000000194f0000,0x00000000195f0000] [id=11312]
  0x000000001968e800 WatcherThread [stack: 0x000000001a3f0000,0x000000001a4f0000] [id=10776]

VM state:not at safepoint (normal execution)

VM Mutex/Monitor currently owned by a thread: None

heap address: 0x0000000080000000, size: 2048 MB, Compressed Oops mode: 32-bit
Narrow klass base: 0x0000000000000000, Narrow klass shift: 3
Compressed class space size: 1073741824 Address: 0x0000000100000000

Heap:
 PSYoungGen      total 305152K, used 146048K [0x00000000d5580000, 0x00000000ef700000, 0x0000000100000000)
  eden space 266752K, 50% used [0x00000000d5580000,0x00000000dda35dc0,0x00000000e5a00000)
  from space 38400K, 26% used [0x00000000e5a00000,0x00000000e63ea3e0,0x00000000e7f80000)
  to   space 56320K, 0% used [0x00000000ec000000,0x00000000ec000000,0x00000000ef700000)
 ParOldGen       total 93696K, used 93362K [0x0000000080000000, 0x0000000085b80000, 0x00000000d5580000)
  object space 93696K, 99% used [0x0000000080000000,0x0000000085b2cba8,0x0000000085b80000)
 Metaspace       used 90077K, capacity 94324K, committed 96152K, reserved 1132544K
  class space    used 11957K, capacity 12750K, committed 13232K, reserved 1048576K

Card table byte_map: [0x0000000011b40000,0x0000000011f50000] byte_map_base: 0x0000000011740000

Marking Bits: (ParMarkBitMap*) 0x000000006850f030
 Begin Bits: [0x0000000012a00000, 0x0000000014a00000)
 End Bits:   [0x0000000014a00000, 0x0000000016a00000)

Polling page: 0x0000000000c40000

CodeCache: size=245760Kb used=38037Kb max_used=38049Kb free=207722Kb
 bounds [0x0000000002780000, 0x0000000004ce0000, 0x0000000011780000]
 total_blobs=12950 nmethods=12081 adapters=781
 compilation: enabled

Compilation events (10 events):
Event: 289.433 Thread 0x0000000019632000 nmethod 14927 0x0000000004cbd3d0 code [0x0000000004cbd560, 0x0000000004cbd878]
Event: 289.433 Thread 0x0000000019632000 14928       3       org.gradle.internal.Describables$1::asMutable (61 bytes)
Event: 289.435 Thread 0x0000000019632000 nmethod 14928 0x0000000004cbbb10 code [0x0000000004cbbd40, 0x0000000004cbcbb8]
Event: 289.451 Thread 0x0000000019621800 nmethod 14921 0x0000000004cd3490 code [0x0000000004cd36c0, 0x0000000004cd4960]
Event: 289.451 Thread 0x0000000019621800 14922       4       java.util.Collections::addAll (43 bytes)
Event: 289.453 Thread 0x0000000019621800 nmethod 14922 0x0000000004cd1950 code [0x0000000004cd1aa0, 0x0000000004cd1b78]
Event: 289.453 Thread 0x0000000019632000 14929       3       org.gradle.api.internal.tasks.properties.AbstractValidatingProperty::prepareValue (10 bytes)
Event: 289.454 Thread 0x0000000019632000 nmethod 14929 0x0000000004cd1510 code [0x0000000004cd1680, 0x0000000004cd18a8]
Event: 289.463 Thread 0x0000000019621800 14930       4       java.util.stream.AbstractPipeline::<init> (91 bytes)
Event: 289.465 Thread 0x0000000019621800 nmethod 14930 0x0000000004cd1110 code [0x0000000004cd1260, 0x0000000004cd13d8]

GC Heap History (10 events):
Event: 21.273 GC heap before
{Heap before GC invocations=17 (full 3):
 PSYoungGen      total 206336K, used 186880K [0x00000000d5580000, 0x00000000e7180000, 0x0000000100000000)
  eden space 186880K, 100% used [0x00000000d5580000,0x00000000e0c00000,0x00000000e0c00000)
  from space 19456K, 0% used [0x00000000e0c00000,0x00000000e0c00000,0x00000000e1f00000)
  to   space 19456K, 0% used [0x00000000e5e80000,0x00000000e5e80000,0x00000000e7180000)
 ParOldGen       total 93696K, used 29816K [0x0000000080000000, 0x0000000085b80000, 0x00000000d5580000)
  object space 93696K, 31% used [0x0000000080000000,0x0000000081d1e010,0x0000000085b80000)
 Metaspace       used 64124K, capacity 67316K, committed 67608K, reserved 1107968K
  class space    used 8862K, capacity 9481K, committed 9520K, reserved 1048576K
Event: 21.339 GC heap after
Heap after GC invocations=17 (full 3):
 PSYoungGen      total 245760K, used 15878K [0x00000000d5580000, 0x00000000e6e80000, 0x0000000100000000)
  eden space 229376K, 0% used [0x00000000d5580000,0x00000000d5580000,0x00000000e3580000)
  from space 16384K, 96% used [0x00000000e5e80000,0x00000000e6e01860,0x00000000e6e80000)
  to   space 21504K, 0% used [0x00000000e4480000,0x00000000e4480000,0x00000000e5980000)
 ParOldGen       total 93696K, used 29824K [0x0000000080000000, 0x0000000085b80000, 0x00000000d5580000)
  object space 93696K, 31% used [0x0000000080000000,0x0000000081d20010,0x0000000085b80000)
 Metaspace       used 64124K, capacity 67316K, committed 67608K, reserved 1107968K
  class space    used 8862K, capacity 9481K, committed 9520K, reserved 1048576K
}
Event: 27.356 GC heap before
{Heap before GC invocations=18 (full 3):
 PSYoungGen      total 245760K, used 245254K [0x00000000d5580000, 0x00000000e6e80000, 0x0000000100000000)
  eden space 229376K, 100% used [0x00000000d5580000,0x00000000e3580000,0x00000000e3580000)
  from space 16384K, 96% used [0x00000000e5e80000,0x00000000e6e01860,0x00000000e6e80000)
  to   space 21504K, 0% used [0x00000000e4480000,0x00000000e4480000,0x00000000e5980000)
 ParOldGen       total 93696K, used 29824K [0x0000000080000000, 0x0000000085b80000, 0x00000000d5580000)
  object space 93696K, 31% used [0x0000000080000000,0x0000000081d20010,0x0000000085b80000)
 Metaspace       used 68397K, capacity 71708K, committed 71960K, reserved 1112064K
  class space    used 9345K, capacity 9985K, committed 10032K, reserved 1048576K
Event: 27.488 GC heap after
Heap after GC invocations=18 (full 3):
 PSYoungGen      total 266240K, used 18620K [0x00000000d5580000, 0x00000000e9680000, 0x0000000100000000)
  eden space 244736K, 0% used [0x00000000d5580000,0x00000000d5580000,0x00000000e4480000)
  from space 21504K, 86% used [0x00000000e4480000,0x00000000e56af008,0x00000000e5980000)
  to   space 23552K, 0% used [0x00000000e7f80000,0x00000000e7f80000,0x00000000e9680000)
 ParOldGen       total 93696K, used 29832K [0x0000000080000000, 0x0000000085b80000, 0x00000000d5580000)
  object space 93696K, 31% used [0x0000000080000000,0x0000000081d22010,0x0000000085b80000)
 Metaspace       used 68397K, capacity 71708K, committed 71960K, reserved 1112064K
  class space    used 9345K, capacity 9985K, committed 10032K, reserved 1048576K
}
Event: 32.210 GC heap before
{Heap before GC invocations=19 (full 3):
 PSYoungGen      total 266240K, used 263356K [0x00000000d5580000, 0x00000000e9680000, 0x0000000100000000)
  eden space 244736K, 100% used [0x00000000d5580000,0x00000000e4480000,0x00000000e4480000)
  from space 21504K, 86% used [0x00000000e4480000,0x00000000e56af008,0x00000000e5980000)
  to   space 23552K, 0% used [0x00000000e7f80000,0x00000000e7f80000,0x00000000e9680000)
 ParOldGen       total 93696K, used 29832K [0x0000000080000000, 0x0000000085b80000, 0x00000000d5580000)
  object space 93696K, 31% used [0x0000000080000000,0x0000000081d22010,0x0000000085b80000)
 Metaspace       used 80139K, capacity 84652K, committed 84888K, reserved 1122304K
  class space    used 11017K, capacity 11844K, committed 11952K, reserved 1048576K
Event: 32.410 GC heap after
Heap after GC invocations=19 (full 3):
 PSYoungGen      total 290304K, used 23530K [0x00000000d5580000, 0x00000000ecc00000, 0x0000000100000000)
  eden space 266752K, 0% used [0x00000000d5580000,0x00000000d5580000,0x00000000e5a00000)
  from space 23552K, 99% used [0x00000000e7f80000,0x00000000e967aac8,0x00000000e9680000)
  to   space 38400K, 0% used [0x00000000e5a00000,0x00000000e5a00000,0x00000000e7f80000)
 ParOldGen       total 93696K, used 59576K [0x0000000080000000, 0x0000000085b80000, 0x00000000d5580000)
  object space 93696K, 63% used [0x0000000080000000,0x0000000083a2e110,0x0000000085b80000)
 Metaspace       used 80139K, capacity 84652K, committed 84888K, reserved 1122304K
  class space    used 11017K, capacity 11844K, committed 11952K, reserved 1048576K
}
Event: 35.593 GC heap before
{Heap before GC invocations=20 (full 3):
 PSYoungGen      total 290304K, used 290282K [0x00000000d5580000, 0x00000000ecc00000, 0x0000000100000000)
  eden space 266752K, 100% used [0x00000000d5580000,0x00000000e5a00000,0x00000000e5a00000)
  from space 23552K, 99% used [0x00000000e7f80000,0x00000000e967aac8,0x00000000e9680000)
  to   space 38400K, 0% used [0x00000000e5a00000,0x00000000e5a00000,0x00000000e7f80000)
 ParOldGen       total 93696K, used 59576K [0x0000000080000000, 0x0000000085b80000, 0x00000000d5580000)
  object space 93696K, 63% used [0x0000000080000000,0x0000000083a2e110,0x0000000085b80000)
 Metaspace       used 86093K, capacity 91514K, committed 91672K, reserved 1128448K
  class space    used 11846K, capacity 12817K, committed 12848K, reserved 1048576K
Event: 35.716 GC heap after
Heap after GC invocations=20 (full 3):
 PSYoungGen      total 305152K, used 38398K [0x00000000d5580000, 0x00000000ef700000, 0x0000000100000000)
  eden space 266752K, 0% used [0x00000000d5580000,0x00000000d5580000,0x00000000e5a00000)
  from space 38400K, 99% used [0x00000000e5a00000,0x00000000e7f7fb60,0x00000000e7f80000)
  to   space 56320K, 0% used [0x00000000ec000000,0x00000000ec000000,0x00000000ef700000)
 ParOldGen       total 93696K, used 90164K [0x0000000080000000, 0x0000000085b80000, 0x00000000d5580000)
  object space 93696K, 96% used [0x0000000080000000,0x000000008580d068,0x0000000085b80000)
 Metaspace       used 86093K, capacity 91514K, committed 91672K, reserved 1128448K
  class space    used 11846K, capacity 12817K, committed 12848K, reserved 1048576K
}
Event: 35.716 GC heap before
{Heap before GC invocations=21 (full 4):
 PSYoungGen      total 305152K, used 38398K [0x00000000d5580000, 0x00000000ef700000, 0x0000000100000000)
  eden space 266752K, 0% used [0x00000000d5580000,0x00000000d5580000,0x00000000e5a00000)
  from space 38400K, 99% used [0x00000000e5a00000,0x00000000e7f7fb60,0x00000000e7f80000)
  to   space 56320K, 0% used [0x00000000ec000000,0x00000000ec000000,0x00000000ef700000)
 ParOldGen       total 93696K, used 90164K [0x0000000080000000, 0x0000000085b80000, 0x00000000d5580000)
  object space 93696K, 96% used [0x0000000080000000,0x000000008580d068,0x0000000085b80000)
 Metaspace       used 86093K, capacity 91514K, committed 91672K, reserved 1128448K
  class space    used 11846K, capacity 12817K, committed 12848K, reserved 1048576K
Event: 37.895 GC heap after
Heap after GC invocations=21 (full 4):
 PSYoungGen      total 305152K, used 10152K [0x00000000d5580000, 0x00000000ef700000, 0x0000000100000000)
  eden space 266752K, 0% used [0x00000000d5580000,0x00000000d5580000,0x00000000e5a00000)
  from space 38400K, 26% used [0x00000000e5a00000,0x00000000e63ea3e0,0x00000000e7f80000)
  to   space 56320K, 0% used [0x00000000ec000000,0x00000000ec000000,0x00000000ef700000)
 ParOldGen       total 93696K, used 93362K [0x0000000080000000, 0x0000000085b80000, 0x00000000d5580000)
  object space 93696K, 99% used [0x0000000080000000,0x0000000085b2cba8,0x0000000085b80000)
 Metaspace       used 85244K, capacity 89306K, committed 91672K, reserved 1128448K
  class space    used 11552K, capacity 12297K, committed 12848K, reserved 1048576K
}

Deoptimization events (10 events):
Event: 287.802 Thread 0x000000001c91e800 Uncommon trap: reason=array_check action=maybe_recompile pc=0x00000000042641ec method=com.google.common.collect.ImmutableSet.construct(I[Ljava/lang/Object;)Lcom/google/common/collect/ImmutableSet; @ 122
Event: 287.803 Thread 0x000000001c91e800 Uncommon trap: reason=class_check action=maybe_recompile pc=0x00000000048b1420 method=java.util.Spliterators$ArraySpliterator.tryAdvance(Ljava/util/function/Consumer;)Z @ 49
Event: 288.075 Thread 0x000000001c91e800 Uncommon trap: reason=array_check action=maybe_recompile pc=0x00000000042641ec method=com.google.common.collect.ImmutableSet.construct(I[Ljava/lang/Object;)Lcom/google/common/collect/ImmutableSet; @ 122
Event: 288.075 Thread 0x000000001c91e800 Uncommon trap: reason=class_check action=maybe_recompile pc=0x00000000048b1420 method=java.util.Spliterators$ArraySpliterator.tryAdvance(Ljava/util/function/Consumer;)Z @ 49
Event: 289.034 Thread 0x000000001c920800 Uncommon trap: reason=class_check action=maybe_recompile pc=0x0000000004c5ae70 method=org.gradle.internal.serialize.DefaultSerializerRegistry$TaggedTypeSerializer.write(Lorg/gradle/internal/serialize/Encoder;Ljava/lang/Object;)V @ 26
Event: 289.034 Thread 0x000000001c920800 Uncommon trap: reason=class_check action=maybe_recompile pc=0x0000000004c5ae70 method=org.gradle.internal.serialize.DefaultSerializerRegistry$TaggedTypeSerializer.write(Lorg/gradle/internal/serialize/Encoder;Ljava/lang/Object;)V @ 26
Event: 289.034 Thread 0x000000001c920800 Uncommon trap: reason=class_check action=maybe_recompile pc=0x0000000004c5ae70 method=org.gradle.internal.serialize.DefaultSerializerRegistry$TaggedTypeSerializer.write(Lorg/gradle/internal/serialize/Encoder;Ljava/lang/Object;)V @ 26
Event: 289.034 Thread 0x000000001c920800 Uncommon trap: reason=class_check action=maybe_recompile pc=0x0000000004c5ae70 method=org.gradle.internal.serialize.DefaultSerializerRegistry$TaggedTypeSerializer.write(Lorg/gradle/internal/serialize/Encoder;Ljava/lang/Object;)V @ 26
Event: 289.177 Thread 0x000000001c927800 Uncommon trap: reason=unstable_if action=reinterpret pc=0x0000000004388408 method=java.util.concurrent.ConcurrentLinkedQueue.offer(Ljava/lang/Object;)Z @ 40
Event: 289.356 Thread 0x000000001c927000 Uncommon trap: reason=unstable_if action=reinterpret pc=0x0000000003aaddc8 method=java.util.concurrent.ConcurrentLinkedQueue.poll()Ljava/lang/Object; @ 74

Classes redefined (0 events):
No events

Internal exceptions (10 events):
Event: 38.521 Thread 0x0000000029529000 Exception <a 'sun/nio/fs/WindowsException'> (0x00000000d6cfe7f8) thrown at [C:\src\AOSP-openjdk-git\hotspot\src\share\vm\prims\jni.cpp, line 710]
Event: 38.521 Thread 0x0000000029529000 Exception <a 'sun/nio/fs/WindowsException'> (0x00000000d6cfed18) thrown at [C:\src\AOSP-openjdk-git\hotspot\src\share\vm\prims\jni.cpp, line 710]
Event: 38.531 Thread 0x0000000029529000 Exception <a 'java/lang/NoSuchMethodError': java.lang.Object.lambda$static$0(Lcom/android/apksig/util/RunnablesProvider;)V> (0x00000000d6d617d8) thrown at [C:\src\AOSP-openjdk-git\hotspot\src\share\vm\interpreter\linkResolver.cpp, line 620]
Event: 39.005 Thread 0x000000001bf85000 Implicit null exception at 0x000000000439ca98 to 0x000000000439dfe1
Event: 39.017 Thread 0x000000001bf85000 Implicit null exception at 0x000000000437c42c to 0x000000000437c475
Event: 39.046 Thread 0x000000001bf85000 Implicit null exception at 0x0000000003432277 to 0x0000000003432749
Event: 285.474 Thread 0x000000001c91e800 Implicit null exception at 0x0000000004911438 to 0x0000000004913b55
Event: 287.757 Thread 0x000000001c91e800 Implicit null exception at 0x0000000003b51855 to 0x0000000003b51fd1
Event: 287.761 Thread 0x000000001c91e800 Implicit null exception at 0x0000000004b58743 to 0x0000000004b590a5
Event: 287.860 Thread 0x000000001c91e800 Exception <a 'sun/nio/fs/WindowsException'> (0x00000000dc224f30) thrown at [C:\src\AOSP-openjdk-git\hotspot\src\share\vm\prims\jni.cpp, line 710]

Events (10 events):
Event: 289.034 Thread 0x000000001c920800 DEOPT UNPACKING pc=0x00000000027c557b sp=0x000000001d4cf108 mode 2
Event: 289.034 Thread 0x000000001c920800 Uncommon trap: trap_request=0xffffffde fr.pc=0x0000000004c5ae70
Event: 289.034 Thread 0x000000001c920800 DEOPT PACKING pc=0x0000000004c5ae70 sp=0x000000001d4cf160
Event: 289.034 Thread 0x000000001c920800 DEOPT UNPACKING pc=0x00000000027c557b sp=0x000000001d4cf108 mode 2
Event: 289.177 Thread 0x000000001c927800 Uncommon trap: trap_request=0xffffff65 fr.pc=0x0000000004388408
Event: 289.177 Thread 0x000000001c927800 DEOPT PACKING pc=0x0000000004388408 sp=0x0000000021fac6e0
Event: 289.179 Thread 0x000000001c927800 DEOPT UNPACKING pc=0x00000000027c557b sp=0x0000000021fac520 mode 2
Event: 289.356 Thread 0x000000001c927000 Uncommon trap: trap_request=0xffffff65 fr.pc=0x0000000003aaddc8
Event: 289.356 Thread 0x000000001c927000 DEOPT PACKING pc=0x0000000003aaddc8 sp=0x00000000221ad540
Event: 289.356 Thread 0x000000001c927000 DEOPT UNPACKING pc=0x00000000027c557b sp=0x00000000221ad460 mode 2


Dynamic libraries:
0x00007ff758190000 - 0x00007ff7581c1000 	C:\Program Files\Android\Android Studio\jre\bin\java.exe
0x00007ffeea7f0000 - 0x00007ffeea9e5000 	C:\WINDOWS\SYSTEM32\ntdll.dll
0x00007ffee9790000 - 0x00007ffee984d000 	C:\WINDOWS\System32\KERNEL32.DLL
0x00007ffee7f30000 - 0x00007ffee81f8000 	C:\WINDOWS\System32\KERNELBASE.dll
0x00007ffee9a40000 - 0x00007ffee9aec000 	C:\WINDOWS\System32\ADVAPI32.dll
0x00007ffee9c00000 - 0x00007ffee9c9e000 	C:\WINDOWS\System32\msvcrt.dll
0x00007ffee9ca0000 - 0x00007ffee9d3b000 	C:\WINDOWS\System32\sechost.dll
0x00007ffee9d50000 - 0x00007ffee9e7b000 	C:\WINDOWS\System32\RPCRT4.dll
0x00007ffee94d0000 - 0x00007ffee9670000 	C:\WINDOWS\System32\USER32.dll
0x00007ffee8470000 - 0x00007ffee8492000 	C:\WINDOWS\System32\win32u.dll
0x00007ffee8e10000 - 0x00007ffee8e3a000 	C:\WINDOWS\System32\GDI32.dll
0x00007ffee8360000 - 0x00007ffee846b000 	C:\WINDOWS\System32\gdi32full.dll
0x00007ffee87b0000 - 0x00007ffee884d000 	C:\WINDOWS\System32\msvcp_win.dll
0x00007ffee84f0000 - 0x00007ffee85f0000 	C:\WINDOWS\System32\ucrtbase.dll
0x00007ffed8520000 - 0x00007ffed87ba000 	C:\WINDOWS\WinSxS\amd64_microsoft.windows.common-controls_6595b64144ccf1df_6.0.19041.844_none_ca00b6081b84eb1d\COMCTL32.dll
0x00007ffee9af0000 - 0x00007ffee9b20000 	C:\WINDOWS\System32\IMM32.DLL
0x00000000674e0000 - 0x00000000675b2000 	C:\Program Files\Android\Android Studio\jre\jre\bin\msvcr100.dll
0x0000000067d40000 - 0x000000006858b000 	C:\Program Files\Android\Android Studio\jre\jre\bin\server\jvm.dll
0x00007ffee8990000 - 0x00007ffee8998000 	C:\WINDOWS\System32\PSAPI.DLL
0x00007ffede330000 - 0x00007ffede357000 	C:\WINDOWS\SYSTEM32\WINMM.dll
0x00007ffee3760000 - 0x00007ffee3769000 	C:\WINDOWS\SYSTEM32\WSOCK32.dll
0x00007ffee5b20000 - 0x00007ffee5b2a000 	C:\WINDOWS\SYSTEM32\VERSION.dll
0x00007ffee9460000 - 0x00007ffee94cb000 	C:\WINDOWS\System32\WS2_32.dll
0x00007ffedf600000 - 0x00007ffedf60f000 	C:\Program Files\Android\Android Studio\jre\jre\bin\verify.dll
0x00007ffec4060000 - 0x00007ffec4089000 	C:\Program Files\Android\Android Studio\jre\jre\bin\java.dll
0x00007ffec3b40000 - 0x00007ffec3b56000 	C:\Program Files\Android\Android Studio\jre\jre\bin\zip.dll
0x00007ffee9ee0000 - 0x00007ffeea622000 	C:\WINDOWS\System32\SHELL32.dll
0x00007ffee5e50000 - 0x00007ffee65e1000 	C:\WINDOWS\SYSTEM32\windows.storage.dll
0x00007ffee9020000 - 0x00007ffee9375000 	C:\WINDOWS\System32\combase.dll
0x00007ffee7930000 - 0x00007ffee795c000 	C:\WINDOWS\SYSTEM32\Wldp.dll
0x00007ffee8850000 - 0x00007ffee88fe000 	C:\WINDOWS\System32\SHCORE.dll
0x00007ffee9400000 - 0x00007ffee9455000 	C:\WINDOWS\System32\shlwapi.dll
0x00007ffee7e70000 - 0x00007ffee7e8f000 	C:\WINDOWS\SYSTEM32\profapi.dll
0x00007ffec03d0000 - 0x00007ffec03ea000 	C:\Program Files\Android\Android Studio\jre\jre\bin\net.dll
0x00007ffee76a0000 - 0x00007ffee770a000 	C:\WINDOWS\system32\mswsock.dll
0x00007ffebe290000 - 0x00007ffebe2a3000 	C:\Program Files\Android\Android Studio\jre\jre\bin\nio.dll
0x00007ffeb5f90000 - 0x00007ffeb5fb7000 	C:\Users\admin\.gradle\native\f6784746aeab05261644944871eae4fe03e0ef1612fff0a4a95f87b438bc6780\windows-amd64\native-platform.dll
0x00007ffed8ca0000 - 0x00007ffed8cad000 	C:\Program Files\Android\Android Studio\jre\jre\bin\management.dll
0x00007ffee7870000 - 0x00007ffee7888000 	C:\WINDOWS\SYSTEM32\CRYPTSP.dll
0x00007ffee7040000 - 0x00007ffee7074000 	C:\WINDOWS\system32\rsaenh.dll
0x00007ffee8700000 - 0x00007ffee8727000 	C:\WINDOWS\System32\bcrypt.dll
0x00007ffee7e30000 - 0x00007ffee7e5e000 	C:\WINDOWS\SYSTEM32\USERENV.dll
0x00007ffee8730000 - 0x00007ffee87b0000 	C:\WINDOWS\System32\bcryptprimitives.dll
0x00007ffee7890000 - 0x00007ffee789c000 	C:\WINDOWS\SYSTEM32\CRYPTBASE.dll
0x00007ffee7390000 - 0x00007ffee73cb000 	C:\WINDOWS\SYSTEM32\IPHLPAPI.DLL
0x00007ffee9010000 - 0x00007ffee9018000 	C:\WINDOWS\System32\NSI.dll
0x00007ffee0410000 - 0x00007ffee0427000 	C:\WINDOWS\SYSTEM32\dhcpcsvc6.DLL
0x00007ffee0bd0000 - 0x00007ffee0bed000 	C:\WINDOWS\SYSTEM32\dhcpcsvc.DLL
0x00007ffee73d0000 - 0x00007ffee749c000 	C:\WINDOWS\SYSTEM32\DNSAPI.dll
0x00007ffee0ee0000 - 0x00007ffee0eeb000 	C:\WINDOWS\SYSTEM32\WINNSI.DLL

VM Arguments:
jvm_args: -Xmx2048m -Dfile.encoding=UTF-8 -Duser.country=ID -Duser.language=en -Duser.variant 
java_command: org.gradle.launcher.daemon.bootstrap.GradleDaemon 6.5
java_class_path (initial): C:\Users\admin\.gradle\wrapper\dists\gradle-6.5-bin\6nifqtx7604sqp1q6g8wikw7p\gradle-6.5\lib\gradle-launcher-6.5.jar
Launcher Type: SUN_STANDARD

Environment Variables:
PATH=C:\WINDOWS\system32;C:\WINDOWS;C:\WINDOWS\System32\Wbem;C:\WINDOWS\System32\WindowsPowerShell\v1.0\;C:\WINDOWS\System32\OpenSSH\;C:\Program Files (x86)\Microsoft SQL Server\140\Tools\Binn\;C:\Program Files\Microsoft SQL Server\140\Tools\Binn\;C:\Program Files (x86)\Microsoft SQL Server\140\DTS\Binn\;C:\Program Files\Microsoft SQL Server\140\DTS\Binn\;C:\Program Files\Microsoft SQL Server\Client SDK\ODBC\130\Tools\Binn\;C:\Program Files (x86)\Microsoft SQL Server\150\DTS\Binn\;C:\Program Files\Azure Data Studio\bin;C:\Program Files\Git\cmd;C:\Users\admin\AppData\Local\Microsoft\WindowsApps;C:\Users\admin\AppData\Local\Programs\Microsoft VS Code\bin;C:\Program Files\Azure Data Studio\bin;C:\Users\admin\AppData\Local\GitHubDesktop\bin;
USERNAME=admin
OS=Windows_NT
PROCESSOR_IDENTIFIER=AMD64 Family 23 Model 24 Stepping 1, AuthenticAMD



---------------  S Y S T E M  ---------------

OS: Windows 10.0 , 64 bit Build 19041 (10.0.19041.804)

CPU:total 8 (initial active 8) (8 cores per cpu, 1 threads per core) family 23 model 24 stepping 1, cmov, cx8, fxsr, mmx, sse, sse2, sse3, ssse3, sse4.1, sse4.2, popcnt, avx, avx2, aes, clmul, mmxext, 3dnowpref, lzcnt, sse4a, tsc, tscinvbit, tscinv, bmi1

Memory: 4k page, physical 6066492k(299376k free), swap 14435656k(1928k free)

vm_info: OpenJDK 64-Bit Server VM (25.242-b01) for windows-amd64 JRE (1.8.0_242-release-1644-b01), built by "builder" with MS VC++ 10.0 (VS2010)

time: Tue Apr 13 20:39:32 2021
timezone: SE Asia Standard Time
elapsed time: 289 seconds (0d 0h 4m 49s)

