#
# There is insufficient memory for the Java Runtime Environment to continue.
# Native memory allocation (malloc) failed to allocate 32784 bytes for Chunk::new
# Possible reasons:
#   The system is out of physical RAM or swap space
#   The process is running with CompressedOops enabled, and the Java Heap may be blocking the growth of the native heap
# Possible solutions:
#   Reduce memory load on the system
#   Increase physical memory or swap space
#   Check if swap backing store is full
#   Decrease Java heap size (-Xmx/-Xms)
#   Decrease number of Java threads
#   Decrease Java thread stack sizes (-Xss)
#   Set larger code cache with -XX:ReservedCodeCacheSize=
#   JVM is running with Unscaled Compressed Oops mode in which the Java heap is
#     placed in the first 4GB address space. The Java Heap base address is the
#     maximum limit for the native heap growth. Please use -XX:HeapBaseMinAddress
#     to set the Java Heap base and to place the Java Heap above 4GB virtual address.
# This output file may be truncated or incomplete.
#
#  Out of Memory Error (allocation.cpp:389), pid=11176, tid=0x0000000000001d34
#
# JRE version: OpenJDK Runtime Environment (8.0_242-b01) (build 1.8.0_242-release-1644-b01)
# Java VM: OpenJDK 64-Bit Server VM (25.242-b01 mixed mode windows-amd64 compressed oops)
# Failed to write core dump. Minidumps are not enabled by default on client versions of Windows
#

---------------  T H R E A D  ---------------

Current thread (0x0000000019301000):  JavaThread "C2 CompilerThread0" daemon [_thread_in_native, id=7476, stack(0x0000000019bd0000,0x0000000019cd0000)]

Stack: [0x0000000019bd0000,0x0000000019cd0000]
[error occurred during error reporting (printing stack bounds), id 0xc0000005]

Native frames: (J=compiled Java code, j=interpreted, Vv=VM code, C=native code)


Current CompileTask:
C2:5255044 15320   !   4       sun.nio.ch.FileChannelImpl::read (240 bytes)


---------------  P R O C E S S  ---------------

Java Threads: ( => current thread )
  0x0000000023a98800 JavaThread "stdout" [_thread_in_native, id=1300, stack(0x00000000302e0000,0x00000000303e0000)]
  0x0000000023a97800 JavaThread "stderr" [_thread_in_native, id=3400, stack(0x00000000301e0000,0x00000000302e0000)]
  0x0000000023a9c000 JavaThread "stdout" [_thread_in_native, id=10392, stack(0x00000000300e0000,0x00000000301e0000)]
  0x0000000023a9a800 JavaThread "stderr" [_thread_in_native, id=10332, stack(0x000000002ffe0000,0x00000000300e0000)]
  0x0000000023a9a000 JavaThread "stdout" [_thread_in_native, id=10196, stack(0x000000002fee0000,0x000000002ffe0000)]
  0x0000000023a97000 JavaThread "stderr" [_thread_in_native, id=10276, stack(0x000000002fde0000,0x000000002fee0000)]
  0x0000000023a99000 JavaThread "stdout" [_thread_in_native, id=10828, stack(0x000000002fce0000,0x000000002fde0000)]
  0x0000000023a9d000 JavaThread "stderr" [_thread_in_native, id=8904, stack(0x000000002fbe0000,0x000000002fce0000)]
  0x0000000023a9b800 JavaThread "stdout" [_thread_in_native, id=11580, stack(0x000000002fae0000,0x000000002fbe0000)]
  0x0000000023a8f800 JavaThread "stderr" [_thread_in_native, id=10156, stack(0x000000002f9e0000,0x000000002fae0000)]
  0x0000000023a96000 JavaThread "stdout" [_thread_in_native, id=7352, stack(0x000000002f8e0000,0x000000002f9e0000)]
  0x0000000023a8e800 JavaThread "stderr" [_thread_in_native, id=8372, stack(0x000000002f7e0000,0x000000002f8e0000)]
  0x0000000023a95800 JavaThread "stdout" [_thread_in_native, id=1932, stack(0x000000002f6e0000,0x000000002f7e0000)]
  0x0000000023a91000 JavaThread "stdout" [_thread_in_native, id=1104, stack(0x000000002f5e0000,0x000000002f6e0000)]
  0x0000000023a8e000 JavaThread "stderr" [_thread_in_native, id=14876, stack(0x000000002f4e0000,0x000000002f5e0000)]
  0x0000000023a93000 JavaThread "stderr" [_thread_in_native, id=14616, stack(0x000000002f180000,0x000000002f280000)]
  0x0000000023a94800 JavaThread "pool-7-thread-1" [_thread_blocked, id=6900, stack(0x000000002f3e0000,0x000000002f4e0000)]
  0x0000000023a92800 JavaThread "WorkerExecutor Queue Thread 8" [_thread_blocked, id=14444, stack(0x000000002f2e0000,0x000000002f3e0000)]
  0x0000000023a94000 JavaThread "WorkerExecutor Queue Thread 7" [_thread_in_native, id=14964, stack(0x000000002ed30000,0x000000002ee30000)]
  0x0000000023a91800 JavaThread "WorkerExecutor Queue Thread 6" [_thread_blocked, id=1916, stack(0x000000002f080000,0x000000002f180000)]
  0x0000000023a90000 JavaThread "WorkerExecutor Queue Thread 5" [_thread_blocked, id=12976, stack(0x000000002ef80000,0x000000002f080000)]
  0x000000001c23d800 JavaThread "WorkerExecutor Queue Thread 4" [_thread_blocked, id=6504, stack(0x000000002ee80000,0x000000002ef80000)]
  0x000000001c12e800 JavaThread "WorkerExecutor Queue Thread 3" [_thread_in_native, id=14704, stack(0x000000002eb00000,0x000000002ec00000)]
  0x000000001fecc000 JavaThread "WorkerExecutor Queue Thread 2" [_thread_blocked, id=12368, stack(0x000000002ec30000,0x000000002ed30000)]
  0x000000001fecf000 JavaThread "WorkerExecutor Queue" [_thread_blocked, id=14436, stack(0x000000002e800000,0x000000002e900000)]
  0x000000001feca000 JavaThread "Cache worker for execution history cache (C:\Users\admin\AndroidStudioProjects\FactorySmartSystem\.gradle\6.5\executionHistory)" [_thread_blocked, id=8584, stack(0x000000002e700000,0x000000002e800000)]
  0x000000001fed0800 JavaThread "Execution worker for ':' Thread 7" [_thread_blocked, id=7388, stack(0x000000002e600000,0x000000002e700000)]
  0x000000001fecb800 JavaThread "Execution worker for ':' Thread 6" [_thread_blocked, id=5072, stack(0x000000002e500000,0x000000002e600000)]
  0x000000001fed0000 JavaThread "Execution worker for ':' Thread 5" [_thread_blocked, id=1108, stack(0x000000002e400000,0x000000002e500000)]
  0x000000001feca800 JavaThread "Execution worker for ':' Thread 4" [_thread_blocked, id=7940, stack(0x000000002e300000,0x000000002e400000)]
  0x000000001fec9000 JavaThread "Execution worker for ':' Thread 3" [_thread_blocked, id=6768, stack(0x000000002e200000,0x000000002e300000)]
  0x000000001fece800 JavaThread "Execution worker for ':' Thread 2" [_thread_blocked, id=6612, stack(0x000000002d900000,0x000000002da00000)]
  0x000000001fecd800 JavaThread "Execution worker for ':'" [_thread_blocked, id=13544, stack(0x000000002c0d0000,0x000000002c1d0000)]
  0x000000001fecd000 JavaThread "Cache worker for file content cache (C:\Users\admin\AndroidStudioProjects\FactorySmartSystem\.gradle\6.5\fileContent)" [_thread_blocked, id=9388, stack(0x000000002a6d0000,0x000000002a7d0000)]
  0x000000001fec1800 JavaThread "Cache worker for Build Output Cleanup Cache (C:\Users\admin\AndroidStudioProjects\FactorySmartSystem\.gradle\buildOutputCleanup)" [_thread_blocked, id=12924, stack(0x000000002a5d0000,0x000000002a6d0000)]
  0x000000001fec8800 JavaThread "jar transforms Thread 368" [_thread_blocked, id=1368, stack(0x000000002a4d0000,0x000000002a5d0000)]
  0x000000001fec7800 JavaThread "jar transforms Thread 367" [_thread_blocked, id=13728, stack(0x000000002a3d0000,0x000000002a4d0000)]
  0x000000001fec7000 JavaThread "jar transforms Thread 366" [_thread_blocked, id=636, stack(0x000000002a2d0000,0x000000002a3d0000)]
  0x000000001fec4000 JavaThread "jar transforms Thread 365" [_thread_blocked, id=6408, stack(0x000000002a1d0000,0x000000002a2d0000)]
  0x000000001fec4800 JavaThread "jar transforms Thread 364" [_thread_blocked, id=13944, stack(0x000000002a0d0000,0x000000002a1d0000)]
  0x000000001fec5800 JavaThread "jar transforms Thread 363" [_thread_blocked, id=14888, stack(0x0000000029fd0000,0x000000002a0d0000)]
  0x000000001fec6000 JavaThread "jar transforms Thread 362" [_thread_blocked, id=14900, stack(0x0000000029ed0000,0x0000000029fd0000)]
  0x000000001fec3000 JavaThread "jar transforms Thread 361" [_thread_blocked, id=9532, stack(0x0000000029dd0000,0x0000000029ed0000)]
  0x000000001fec2800 JavaThread "jar transforms Thread 360" [_thread_blocked, id=10892, stack(0x0000000029cd0000,0x0000000029dd0000)]
  0x0000000024980000 JavaThread "jar transforms Thread 359" [_thread_blocked, id=1184, stack(0x0000000029bd0000,0x0000000029cd0000)]
  0x0000000024984800 JavaThread "jar transforms Thread 358" [_thread_blocked, id=7968, stack(0x0000000029ad0000,0x0000000029bd0000)]
  0x0000000024980800 JavaThread "jar transforms Thread 357" [_thread_blocked, id=2660, stack(0x00000000299d0000,0x0000000029ad0000)]
  0x0000000024983800 JavaThread "jar transforms Thread 356" [_thread_blocked, id=12788, stack(0x00000000298d0000,0x00000000299d0000)]
  0x0000000024982000 JavaThread "jar transforms Thread 355" [_thread_blocked, id=9824, stack(0x00000000297d0000,0x00000000298d0000)]
  0x000000002497f000 JavaThread "jar transforms Thread 354" [_thread_blocked, id=7308, stack(0x00000000296d0000,0x00000000297d0000)]
  0x0000000024981800 JavaThread "jar transforms Thread 353" [_thread_blocked, id=9804, stack(0x00000000295d0000,0x00000000296d0000)]
  0x0000000024983000 JavaThread "jar transforms Thread 352" [_thread_blocked, id=13264, stack(0x00000000294d0000,0x00000000295d0000)]
  0x000000002497e800 JavaThread "jar transforms Thread 351" [_thread_blocked, id=13812, stack(0x00000000293d0000,0x00000000294d0000)]
  0x0000000024977000 JavaThread "jar transforms Thread 350" [_thread_blocked, id=6044, stack(0x00000000292d0000,0x00000000293d0000)]
  0x000000002497d800 JavaThread "jar transforms Thread 349" [_thread_blocked, id=10544, stack(0x00000000291d0000,0x00000000292d0000)]
  0x0000000024976000 JavaThread "jar transforms Thread 348" [_thread_blocked, id=5860, stack(0x00000000290d0000,0x00000000291d0000)]
  0x000000002497d000 JavaThread "jar transforms Thread 347" [_thread_blocked, id=13432, stack(0x0000000028fd0000,0x00000000290d0000)]
  0x000000002497a000 JavaThread "jar transforms Thread 346" [_thread_blocked, id=4828, stack(0x0000000028ed0000,0x0000000028fd0000)]
  0x0000000024975800 JavaThread "jar transforms Thread 345" [_thread_blocked, id=7480, stack(0x0000000028dd0000,0x0000000028ed0000)]
  0x000000002497c000 JavaThread "jar transforms Thread 344" [_thread_blocked, id=14464, stack(0x0000000028cd0000,0x0000000028dd0000)]
  0x0000000024978800 JavaThread "jar transforms Thread 343" [_thread_blocked, id=15136, stack(0x0000000028bd0000,0x0000000028cd0000)]
  0x000000002497b800 JavaThread "jar transforms Thread 342" [_thread_blocked, id=14380, stack(0x0000000028ad0000,0x0000000028bd0000)]
  0x0000000024979000 JavaThread "jar transforms Thread 341" [_thread_blocked, id=3676, stack(0x00000000289d0000,0x0000000028ad0000)]
  0x000000002497a800 JavaThread "jar transforms Thread 340" [_thread_blocked, id=9856, stack(0x00000000288d0000,0x00000000289d0000)]
  0x0000000024977800 JavaThread "jar transforms Thread 339" [_thread_blocked, id=7048, stack(0x00000000287d0000,0x00000000288d0000)]
  0x000000001fd00800 JavaThread "jar transforms Thread 338" [_thread_blocked, id=10440, stack(0x00000000286d0000,0x00000000287d0000)]
  0x000000001fcfb800 JavaThread "jar transforms Thread 337" [_thread_blocked, id=13424, stack(0x00000000285d0000,0x00000000286d0000)]
  0x000000001fcfd800 JavaThread "jar transforms Thread 336" [_thread_blocked, id=10508, stack(0x00000000284d0000,0x00000000285d0000)]
  0x000000001fd00000 JavaThread "jar transforms Thread 335" [_thread_blocked, id=5088, stack(0x00000000283d0000,0x00000000284d0000)]
  0x000000001fd01800 JavaThread "jar transforms Thread 334" [_thread_blocked, id=14976, stack(0x00000000282d0000,0x00000000283d0000)]
  0x000000001fcfd000 JavaThread "jar transforms Thread 333" [_thread_blocked, id=6008, stack(0x00000000281d0000,0x00000000282d0000)]
  0x000000001fd02800 JavaThread "jar transforms Thread 332" [_thread_blocked, id=3540, stack(0x00000000280d0000,0x00000000281d0000)]
  0x000000001bfde800 JavaThread "jar transforms Thread 331" [_thread_blocked, id=9788, stack(0x0000000027fd0000,0x00000000280d0000)]
  0x000000001bfde000 JavaThread "jar transforms Thread 330" [_thread_blocked, id=7900, stack(0x0000000027ed0000,0x0000000027fd0000)]
  0x000000001bfda000 JavaThread "jar transforms Thread 329" [_thread_blocked, id=13896, stack(0x0000000027dd0000,0x0000000027ed0000)]
  0x000000001bfdd000 JavaThread "jar transforms Thread 328" [_thread_blocked, id=12188, stack(0x0000000027cd0000,0x0000000027dd0000)]
  0x000000001bfd9800 JavaThread "jar transforms Thread 327" [_thread_blocked, id=9344, stack(0x0000000027bd0000,0x0000000027cd0000)]
  0x000000001bfdb000 JavaThread "jar transforms Thread 326" [_thread_blocked, id=9996, stack(0x0000000027ad0000,0x0000000027bd0000)]
  0x000000001bfd8800 JavaThread "jar transforms Thread 325" [_thread_blocked, id=6976, stack(0x00000000279d0000,0x0000000027ad0000)]
  0x000000001bfdb800 JavaThread "jar transforms Thread 324" [_thread_blocked, id=1564, stack(0x00000000278d0000,0x00000000279d0000)]
  0x000000001c139800 JavaThread "jar transforms Thread 323" [_thread_blocked, id=9772, stack(0x00000000277d0000,0x00000000278d0000)]
  0x000000001c139000 JavaThread "jar transforms Thread 322" [_thread_blocked, id=6952, stack(0x00000000276d0000,0x00000000277d0000)]
  0x000000001c138000 JavaThread "jar transforms Thread 321" [_thread_blocked, id=12496, stack(0x00000000275d0000,0x00000000276d0000)]
  0x000000001c13d800 JavaThread "jar transforms Thread 320" [_thread_blocked, id=11992, stack(0x00000000274d0000,0x00000000275d0000)]
  0x000000001c13c800 JavaThread "jar transforms Thread 319" [_thread_blocked, id=12756, stack(0x00000000273d0000,0x00000000274d0000)]
  0x000000001c13c000 JavaThread "jar transforms Thread 318" [_thread_blocked, id=11320, stack(0x00000000272d0000,0x00000000273d0000)]
  0x000000001c137800 JavaThread "jar transforms Thread 317" [_thread_blocked, id=13864, stack(0x00000000271d0000,0x00000000272d0000)]
  0x000000001c13b000 JavaThread "jar transforms Thread 316" [_thread_blocked, id=14108, stack(0x00000000270d0000,0x00000000271d0000)]
  0x000000001c13a800 JavaThread "jar transforms Thread 315" [_thread_blocked, id=11528, stack(0x0000000026fd0000,0x00000000270d0000)]
  0x000000001c130000 JavaThread "jar transforms Thread 314" [_thread_blocked, id=14612, stack(0x0000000026ed0000,0x0000000026fd0000)]
  0x000000001c136800 JavaThread "jar transforms Thread 313" [_thread_blocked, id=3928, stack(0x0000000026dd0000,0x0000000026ed0000)]
  0x000000001c12f000 JavaThread "jar transforms Thread 312" [_thread_blocked, id=9592, stack(0x0000000026cd0000,0x0000000026dd0000)]
  0x000000001c133000 JavaThread "jar transforms Thread 311" [_thread_blocked, id=9596, stack(0x0000000026bd0000,0x0000000026cd0000)]
  0x000000001c134800 JavaThread "jar transforms Thread 310" [_thread_blocked, id=9628, stack(0x0000000026ad0000,0x0000000026bd0000)]
  0x000000001b34d000 JavaThread "jar transforms Thread 309" [_thread_blocked, id=9652, stack(0x00000000269d0000,0x0000000026ad0000)]
  0x000000001b352000 JavaThread "jar transforms Thread 308" [_thread_blocked, id=9644, stack(0x00000000268d0000,0x00000000269d0000)]
  0x000000001b351000 JavaThread "jar transforms Thread 307" [_thread_blocked, id=2352, stack(0x00000000267d0000,0x00000000268d0000)]
  0x000000001b350800 JavaThread "jar transforms Thread 306" [_thread_blocked, id=3272, stack(0x00000000266d0000,0x00000000267d0000)]
  0x000000001b34c800 JavaThread "jar transforms Thread 305" [_thread_blocked, id=7020, stack(0x00000000265d0000,0x00000000266d0000)]
  0x000000001b34f000 JavaThread "jar transforms Thread 304" [_thread_blocked, id=12160, stack(0x00000000264d0000,0x00000000265d0000)]
  0x000000001b34e000 JavaThread "jar transforms Thread 303" [_thread_blocked, id=13160, stack(0x00000000263d0000,0x00000000264d0000)]
  0x000000001b352800 JavaThread "jar transforms Thread 302" [_thread_blocked, id=7864, stack(0x00000000262d0000,0x00000000263d0000)]
  0x000000001b34f800 JavaThread "jar transforms Thread 301" [_thread_blocked, id=13332, stack(0x00000000261d0000,0x00000000262d0000)]
  0x000000001b345000 JavaThread "jar transforms Thread 300" [_thread_blocked, id=10552, stack(0x00000000260d0000,0x00000000261d0000)]
  0x000000001b34b800 JavaThread "jar transforms Thread 299" [_thread_blocked, id=4488, stack(0x0000000025950000,0x0000000025a50000)]
  0x000000001b344000 JavaThread "jar transforms Thread 298" [_thread_blocked, id=12076, stack(0x0000000025600000,0x0000000025700000)]
  0x000000001b348000 JavaThread "jar transforms Thread 297" [_thread_blocked, id=11008, stack(0x0000000022e90000,0x0000000022f90000)]
  0x000000001b34a000 JavaThread "jar transforms Thread 296" [_thread_blocked, id=11108, stack(0x0000000022590000,0x0000000022690000)]
  0x000000001c43c800 JavaThread "jar transforms Thread 295" [_thread_blocked, id=1344, stack(0x0000000022090000,0x0000000022190000)]
  0x000000001c43c000 JavaThread "jar transforms Thread 294" [_thread_blocked, id=2056, stack(0x0000000021f90000,0x0000000022090000)]
  0x000000001c43d800 JavaThread "jar transforms Thread 293" [_thread_blocked, id=7788, stack(0x0000000021e90000,0x0000000021f90000)]
  0x000000001c43b000 JavaThread "jar transforms Thread 292" [_thread_blocked, id=1380, stack(0x0000000021d90000,0x0000000021e90000)]
  0x000000001c43a800 JavaThread "jar transforms Thread 291" [_thread_blocked, id=10980, stack(0x0000000021c90000,0x0000000021d90000)]
  0x000000001c433000 JavaThread "jar transforms Thread 290" [_thread_blocked, id=7488, stack(0x0000000021b90000,0x0000000021c90000)]
  0x000000001c434800 JavaThread "jar transforms Thread 289" [_thread_blocked, id=4904, stack(0x0000000021a90000,0x0000000021b90000)]
  0x000000001c439800 JavaThread "jar transforms Thread 288" [_thread_blocked, id=10412, stack(0x0000000021990000,0x0000000021a90000)]
  0x000000001c439000 JavaThread "jar transforms Thread 287" [_thread_blocked, id=4200, stack(0x0000000021890000,0x0000000021990000)]
  0x000000001c432000 JavaThread "jar transforms Thread 286" [_thread_blocked, id=13572, stack(0x0000000021790000,0x0000000021890000)]
  0x000000001c436000 JavaThread "jar transforms Thread 285" [_thread_blocked, id=12460, stack(0x0000000021690000,0x0000000021790000)]
  0x000000001c436800 JavaThread "jar transforms Thread 284" [_thread_blocked, id=2676, stack(0x0000000021490000,0x0000000021590000)]
  0x000000001c433800 JavaThread "jar transforms Thread 283" [_thread_blocked, id=8840, stack(0x0000000021390000,0x0000000021490000)]
  0x000000001c438000 JavaThread "jar transforms Thread 282" [_thread_blocked, id=10976, stack(0x0000000021290000,0x0000000021390000)]
  0x000000001c437800 JavaThread "jar transforms Thread 281" [_thread_blocked, id=14404, stack(0x0000000021190000,0x0000000021290000)]
  0x000000001c42f000 JavaThread "jar transforms Thread 280" [_thread_blocked, id=860, stack(0x0000000021090000,0x0000000021190000)]
  0x000000001c42e800 JavaThread "jar transforms Thread 279" [_thread_blocked, id=1964, stack(0x0000000020f90000,0x0000000021090000)]
  0x000000001c430000 JavaThread "jar transforms Thread 278" [_thread_blocked, id=7008, stack(0x0000000020e90000,0x0000000020f90000)]
  0x000000001c23e000 JavaThread "jar transforms Thread 277" [_thread_blocked, id=10224, stack(0x0000000020d90000,0x0000000020e90000)]
  0x000000001c238000 JavaThread "Build operations Thread 8" [_thread_blocked, id=3308, stack(0x0000000020c90000,0x0000000020d90000)]
  0x000000001c239000 JavaThread "Build operations Thread 7" [_thread_blocked, id=3396, stack(0x0000000020b90000,0x0000000020c90000)]
  0x000000001c237800 JavaThread "Build operations Thread 6" [_thread_in_native, id=8348, stack(0x0000000020a90000,0x0000000020b90000)]
  0x000000001c236800 JavaThread "Build operations Thread 5" [_thread_in_native, id=7056, stack(0x0000000020990000,0x0000000020a90000)]
  0x000000001c23c800 JavaThread "Build operations Thread 4" [_thread_blocked, id=10736, stack(0x0000000020890000,0x0000000020990000)]
  0x000000001c23b000 JavaThread "Build operations Thread 3" [_thread_in_native, id=7040, stack(0x0000000020790000,0x0000000020890000)]
  0x000000001c23a800 JavaThread "Build operations Thread 2" [_thread_blocked, id=4500, stack(0x0000000020690000,0x0000000020790000)]
  0x000000001c239800 JavaThread "Build operations" [_thread_blocked, id=3864, stack(0x000000001dcf0000,0x000000001ddf0000)]
  0x000000001c23c000 JavaThread "Cache worker for cache directory md-rule (C:\Users\admin\.gradle\caches\6.5\md-rule)" [_thread_blocked, id=13232, stack(0x000000001dbf0000,0x000000001dcf0000)]
  0x000000001c22f000 JavaThread "Cache worker for cache directory md-supplier (C:\Users\admin\.gradle\caches\6.5\md-supplier)" [_thread_blocked, id=6372, stack(0x000000001daf0000,0x000000001dbf0000)]
  0x000000001c236000 JavaThread "Cache worker for checksums cache (C:\Users\admin\AndroidStudioProjects\FactorySmartSystem\.gradle\checksums)" [_thread_blocked, id=1592, stack(0x000000001d9f0000,0x000000001daf0000)]
  0x000000001c234800 JavaThread "Cache worker for file hash cache (C:\Users\admin\AndroidStudioProjects\FactorySmartSystem\.gradle\6.5\fileHashes)" [_thread_blocked, id=11244, stack(0x000000001d8f0000,0x000000001d9f0000)]
  0x000000001c230000 JavaThread "Thread-374" [_thread_blocked, id=8552, stack(0x000000001d7f0000,0x000000001d8f0000)]
  0x000000001c233800 JavaThread "Stdin handler" [_thread_blocked, id=12204, stack(0x000000001d4f0000,0x000000001d5f0000)]
  0x000000001c233000 JavaThread "Asynchronous log dispatcher for DefaultDaemonConnection: socket connection from /127.0.0.1:61001 to /127.0.0.1:62763" [_thread_in_vm, id=11316, stack(0x000000001d0b0000,0x000000001d1b0000)]
  0x000000001c230800 JavaThread "Daemon worker Thread 4" [_thread_blocked, id=1788, stack(0x000000001cfb0000,0x000000001d0b0000)]
  0x000000001c235000 JavaThread "Cancel handler" [_thread_blocked, id=10140, stack(0x0000000000870000,0x0000000000970000)]
  0x000000001c231800 JavaThread "Handler for socket connection from /127.0.0.1:61001 to /127.0.0.1:62763" [_thread_in_native, id=13228, stack(0x0000000000730000,0x0000000000830000)]
  0x000000001c232000 JavaThread "Daemon Thread 4" [_thread_blocked, id=13308, stack(0x0000000000630000,0x0000000000730000)]
  0x000000001c130800 JavaThread "Memory manager" [_thread_blocked, id=10236, stack(0x000000002bbd0000,0x000000002bcd0000)]
  0x000000001b345800 JavaThread "Cache worker for file content cache (C:\Users\admin\.gradle\caches\6.5\fileContent)" [_thread_blocked, id=12136, stack(0x0000000022d90000,0x0000000022e90000)]
  0x000000001b346800 JavaThread "Cache worker for execution history cache (C:\Users\admin\.gradle\caches\6.5\executionHistory)" [_thread_blocked, id=6396, stack(0x0000000022890000,0x0000000022990000)]
  0x000000001bfdc800 JavaThread "Cache worker for file hash cache (C:\Users\admin\.gradle\caches\6.5\fileHashes)" [_thread_blocked, id=9988, stack(0x000000001e1f0000,0x000000001e2f0000)]
  0x000000001bfdf800 JavaThread "File lock request listener" [_thread_in_native, id=10800, stack(0x000000001e0f0000,0x000000001e1f0000)]
  0x000000001be64000 JavaThread "Cache worker for journal cache (C:\Users\admin\.gradle\caches\journal-1)" [_thread_blocked, id=9036, stack(0x000000001dff0000,0x000000001e0f0000)]
  0x000000001bcfd800 JavaThread "Daemon periodic checks" [_thread_blocked, id=8344, stack(0x000000001d3f0000,0x000000001d4f0000)]
  0x000000001bcf7800 JavaThread "Incoming local TCP Connector on port 61001" [_thread_in_native, id=7432, stack(0x000000001d1b0000,0x000000001d2b0000)]
  0x000000001bc81000 JavaThread "Daemon health stats" [_thread_blocked, id=3684, stack(0x000000001cb70000,0x000000001cc70000)]
  0x00000000193a0000 JavaThread "Service Thread" daemon [_thread_blocked, id=11744, stack(0x0000000019fd0000,0x000000001a0d0000)]
  0x0000000019310000 JavaThread "C1 CompilerThread3" daemon [_thread_in_vm, id=12300, stack(0x0000000019ed0000,0x0000000019fd0000)]
  0x0000000019307800 JavaThread "C2 CompilerThread2" daemon [_thread_in_native, id=7992, stack(0x0000000019dd0000,0x0000000019ed0000)]
  0x000000001751b000 JavaThread "C2 CompilerThread1" daemon [_thread_in_native, id=12436, stack(0x0000000019cd0000,0x0000000019dd0000)]
=>0x0000000019301000 JavaThread "C2 CompilerThread0" daemon [_thread_in_native, id=7476, stack(0x0000000019bd0000,0x0000000019cd0000)]
  0x0000000019300000 JavaThread "Attach Listener" daemon [_thread_blocked, id=7112, stack(0x0000000019ad0000,0x0000000019bd0000)]
  0x00000000192ff000 JavaThread "Signal Dispatcher" daemon [_thread_blocked, id=7972, stack(0x00000000199d0000,0x0000000019ad0000)]
  0x000000000249d800 JavaThread "Finalizer" daemon [_thread_blocked, id=9312, stack(0x00000000197d0000,0x00000000198d0000)]
  0x0000000002497000 JavaThread "Reference Handler" daemon [_thread_blocked, id=3244, stack(0x00000000196d0000,0x00000000197d0000)]
  0x000000000225d800 JavaThread "main" [_thread_blocked, id=5456, stack(0x00000000022a0000,0x00000000023a0000)]

Other Threads:
  0x0000000017506000 VMThread [stack: 0x00000000191d0000,0x00000000192d0000] [id=8756]
  0x00000000193a0800 WatcherThread [stack: 0x000000001a0d0000,0x000000001a1d0000] [id=14256]

VM state:not at safepoint (normal execution)

VM Mutex/Monitor currently owned by a thread:  ([mutex/lock_event])
[0x000000000225c3d0] CodeCache_lock - owner thread: 0x0000000019310000

OutOfMemory and StackOverflow Exception counts:
OutOfMemoryError java_heap_errors=4

heap address: 0x0000000080000000, size: 2048 MB, Compressed Oops mode: 32-bit
Narrow klass base: 0x0000000000000000, Narrow klass shift: 3
Compressed class space size: 1073741824 Address: 0x0000000100000000

Heap:
 PSYoungGen      total 416768K, used 119703K [0x00000000d5580000, 0x00000000f1380000, 0x0000000100000000)
  eden space 388096K, 30% used [0x00000000d5580000,0x00000000dca65ff8,0x00000000ed080000)
  from space 28672K, 0% used [0x00000000ef780000,0x00000000ef780000,0x00000000f1380000)
  to   space 34304K, 0% used [0x00000000ed080000,0x00000000ed080000,0x00000000ef200000)
 ParOldGen       total 147968K, used 44997K [0x0000000080000000, 0x0000000089080000, 0x00000000d5580000)
  object space 147968K, 30% used [0x0000000080000000,0x0000000082bf14f0,0x0000000089080000)
 Metaspace       used 95037K, capacity 99246K, committed 100952K, reserved 1136640K
  class space    used 12431K, capacity 13263K, committed 13696K, reserved 1048576K

Card table byte_map: [0x0000000011860000,0x0000000011c70000] byte_map_base: 0x0000000011460000

Marking Bits: (ParMarkBitMap*) 0x000000006850f030
 Begin Bits: [0x0000000012720000, 0x0000000014720000)
 End Bits:   [0x0000000014720000, 0x0000000016720000)

Polling page: 0x0000000000a10000

CodeCache: size=245760Kb used=41824Kb max_used=42300Kb free=203935Kb
 bounds [0x00000000024a0000, 0x0000000004e30000, 0x00000000114a0000]
 total_blobs=13577 nmethods=12671 adapters=818
 compilation: enabled

Compilation events (10 events):
Event: 5255.012 Thread 0x0000000019310000 15330       1       com.android.tools.build.apkzlib.zip.ZipField::endOffset (10 bytes)
Event: 5255.012 Thread 0x0000000019310000 nmethod 15330 0x0000000002864710 code [0x0000000002864860, 0x0000000002864970]
Event: 5255.014 Thread 0x0000000019310000 15329       3       com.android.tools.build.apkzlib.zip.ZipField$F4::<init> (9 bytes)
Event: 5255.014 Thread 0x0000000019310000 nmethod 15329 0x000000000274f5d0 code [0x000000000274f740, 0x000000000274f8e8]
Event: 5255.016 Thread 0x0000000019310000 15331       3       com.google.gson.internal.$Gson$Preconditions::checkNotNull (14 bytes)
Event: 5255.016 Thread 0x0000000019310000 nmethod 15331 0x00000000028ec610 code [0x00000000028ec780, 0x00000000028ec9a8]
Event: 5255.022 Thread 0x0000000019310000 15333       3       com.google.common.collect.ImmutableCollection$Builder::expandedCapacity (45 bytes)
Event: 5255.027 Thread 0x0000000019310000 nmethod 15333 0x0000000002b2f390 code [0x0000000002b2f520, 0x0000000002b2f818]
Event: 5255.030 Thread 0x0000000019310000 15334       3       sun.nio.fs.WindowsFileAttributes::fromFileAttributeData (104 bytes)
Event: 5255.031 Thread 0x0000000019310000 nmethod 15334 0x00000000027c5510 code [0x00000000027c5680, 0x00000000027c58e8]

GC Heap History (10 events):
Event: 26.236 GC heap before
{Heap before GC invocations=16 (full 3):
 PSYoungGen      total 262144K, used 261859K [0x00000000d5580000, 0x00000000e7d80000, 0x0000000100000000)
  eden space 245248K, 100% used [0x00000000d5580000,0x00000000e4500000,0x00000000e4500000)
  from space 16896K, 98% used [0x00000000e6d00000,0x00000000e7d38f18,0x00000000e7d80000)
  to   space 23552K, 0% used [0x00000000e4f80000,0x00000000e4f80000,0x00000000e6680000)
 ParOldGen       total 104448K, used 30670K [0x0000000080000000, 0x0000000086600000, 0x00000000d5580000)
  object space 104448K, 29% used [0x0000000080000000,0x0000000081df3a60,0x0000000086600000)
 Metaspace       used 83463K, capacity 87886K, committed 88024K, reserved 1124352K
  class space    used 11343K, capacity 12266K, committed 12288K, reserved 1048576K
Event: 26.306 GC heap after
Heap after GC invocations=16 (full 3):
 PSYoungGen      total 279552K, used 23520K [0x00000000d5580000, 0x00000000ec700000, 0x0000000100000000)
  eden space 256000K, 0% used [0x00000000d5580000,0x00000000d5580000,0x00000000e4f80000)
  from space 23552K, 99% used [0x00000000e4f80000,0x00000000e6678230,0x00000000e6680000)
  to   space 30720K, 0% used [0x00000000ea900000,0x00000000ea900000,0x00000000ec700000)
 ParOldGen       total 104448K, used 39816K [0x0000000080000000, 0x0000000086600000, 0x00000000d5580000)
  object space 104448K, 38% used [0x0000000080000000,0x00000000826e21e0,0x0000000086600000)
 Metaspace       used 83463K, capacity 87886K, committed 88024K, reserved 1124352K
  class space    used 11343K, capacity 12266K, committed 12288K, reserved 1048576K
}
Event: 5145.147 GC heap before
{Heap before GC invocations=17 (full 3):
 PSYoungGen      total 279552K, used 279520K [0x00000000d5580000, 0x00000000ec700000, 0x0000000100000000)
  eden space 256000K, 100% used [0x00000000d5580000,0x00000000e4f80000,0x00000000e4f80000)
  from space 23552K, 99% used [0x00000000e4f80000,0x00000000e6678230,0x00000000e6680000)
  to   space 30720K, 0% used [0x00000000ea900000,0x00000000ea900000,0x00000000ec700000)
 ParOldGen       total 104448K, used 39816K [0x0000000080000000, 0x0000000086600000, 0x00000000d5580000)
  object space 104448K, 38% used [0x0000000080000000,0x00000000826e21e0,0x0000000086600000)
 Metaspace       used 88412K, capacity 93214K, committed 93400K, reserved 1130496K
  class space    used 11724K, capacity 12721K, committed 12800K, reserved 1048576K
Event: 5145.523 GC heap after
Heap after GC invocations=17 (full 3):
 PSYoungGen      total 348672K, used 8068K [0x00000000d5580000, 0x00000000ec800000, 0x0000000100000000)
  eden space 317952K, 0% used [0x00000000d5580000,0x00000000d5580000,0x00000000e8c00000)
  from space 30720K, 26% used [0x00000000ea900000,0x00000000eb0e1298,0x00000000ec700000)
  to   space 29696K, 0% used [0x00000000e8c00000,0x00000000e8c00000,0x00000000ea900000)
 ParOldGen       total 104448K, used 54143K [0x0000000080000000, 0x0000000086600000, 0x00000000d5580000)
  object space 104448K, 51% used [0x0000000080000000,0x00000000834dfe20,0x0000000086600000)
 Metaspace       used 88412K, capacity 93214K, committed 93400K, reserved 1130496K
  class space    used 11724K, capacity 12721K, committed 12800K, reserved 1048576K
}
Event: 5238.868 GC heap before
{Heap before GC invocations=18 (full 3):
 PSYoungGen      total 348672K, used 326014K [0x00000000d5580000, 0x00000000ec800000, 0x0000000100000000)
  eden space 317952K, 99% used [0x00000000d5580000,0x00000000e8bfe798,0x00000000e8c00000)
  from space 30720K, 26% used [0x00000000ea900000,0x00000000eb0e1298,0x00000000ec700000)
  to   space 29696K, 0% used [0x00000000e8c00000,0x00000000e8c00000,0x00000000ea900000)
 ParOldGen       total 104448K, used 54143K [0x0000000080000000, 0x0000000086600000, 0x00000000d5580000)
  object space 104448K, 51% used [0x0000000080000000,0x00000000834dfe20,0x0000000086600000)
 Metaspace       used 91061K, capacity 95984K, committed 96216K, reserved 1132544K
  class space    used 11980K, capacity 13008K, committed 13056K, reserved 1048576K
Event: 5240.093 GC heap after
Heap after GC invocations=18 (full 3):
 PSYoungGen      total 347648K, used 29665K [0x00000000d5580000, 0x00000000f1980000, 0x0000000100000000)
  eden space 317952K, 0% used [0x00000000d5580000,0x00000000d5580000,0x00000000e8c00000)
  from space 29696K, 99% used [0x00000000e8c00000,0x00000000ea8f85b0,0x00000000ea900000)
  to   space 34816K, 0% used [0x00000000ef780000,0x00000000ef780000,0x00000000f1980000)
 ParOldGen       total 104448K, used 54960K [0x0000000080000000, 0x0000000086600000, 0x00000000d5580000)
  object space 104448K, 52% used [0x0000000080000000,0x00000000835ac3f8,0x0000000086600000)
 Metaspace       used 91061K, capacity 95984K, committed 96216K, reserved 1132544K
  class space    used 11980K, capacity 13008K, committed 13056K, reserved 1048576K
}
Event: 5245.946 GC heap before
{Heap before GC invocations=19 (full 3):
 PSYoungGen      total 347648K, used 116061K [0x00000000d5580000, 0x00000000f1980000, 0x0000000100000000)
  eden space 317952K, 27% used [0x00000000d5580000,0x00000000da9def08,0x00000000e8c00000)
  from space 29696K, 99% used [0x00000000e8c00000,0x00000000ea8f85b0,0x00000000ea900000)
  to   space 34816K, 0% used [0x00000000ef780000,0x00000000ef780000,0x00000000f1980000)
 ParOldGen       total 104448K, used 54960K [0x0000000080000000, 0x0000000086600000, 0x00000000d5580000)
  object space 104448K, 52% used [0x0000000080000000,0x00000000835ac3f8,0x0000000086600000)
 Metaspace       used 93305K, capacity 98240K, committed 98264K, reserved 1134592K
  class space    used 12276K, capacity 13292K, committed 13312K, reserved 1048576K
Event: 5246.005 GC heap after
Heap after GC invocations=19 (full 3):
 PSYoungGen      total 416768K, used 4216K [0x00000000d5580000, 0x00000000f1380000, 0x0000000100000000)
  eden space 388096K, 0% used [0x00000000d5580000,0x00000000d5580000,0x00000000ed080000)
  from space 28672K, 14% used [0x00000000ef780000,0x00000000efb9e320,0x00000000f1380000)
  to   space 34304K, 0% used [0x00000000ed080000,0x00000000ed080000,0x00000000ef200000)
 ParOldGen       total 104448K, used 61894K [0x0000000080000000, 0x0000000086600000, 0x00000000d5580000)
  object space 104448K, 59% used [0x0000000080000000,0x0000000083c71ac0,0x0000000086600000)
 Metaspace       used 93305K, capacity 98240K, committed 98264K, reserved 1134592K
  class space    used 12276K, capacity 13292K, committed 13312K, reserved 1048576K
}
Event: 5246.007 GC heap before
{Heap before GC invocations=20 (full 4):
 PSYoungGen      total 416768K, used 4216K [0x00000000d5580000, 0x00000000f1380000, 0x0000000100000000)
  eden space 388096K, 0% used [0x00000000d5580000,0x00000000d5580000,0x00000000ed080000)
  from space 28672K, 14% used [0x00000000ef780000,0x00000000efb9e320,0x00000000f1380000)
  to   space 34304K, 0% used [0x00000000ed080000,0x00000000ed080000,0x00000000ef200000)
 ParOldGen       total 104448K, used 61894K [0x0000000080000000, 0x0000000086600000, 0x00000000d5580000)
  object space 104448K, 59% used [0x0000000080000000,0x0000000083c71ac0,0x0000000086600000)
 Metaspace       used 93305K, capacity 98240K, committed 98264K, reserved 1134592K
  class space    used 12276K, capacity 13292K, committed 13312K, reserved 1048576K
Event: 5249.713 GC heap after
Heap after GC invocations=20 (full 4):
 PSYoungGen      total 416768K, used 0K [0x00000000d5580000, 0x00000000f1380000, 0x0000000100000000)
  eden space 388096K, 0% used [0x00000000d5580000,0x00000000d5580000,0x00000000ed080000)
  from space 28672K, 0% used [0x00000000ef780000,0x00000000ef780000,0x00000000f1380000)
  to   space 34304K, 0% used [0x00000000ed080000,0x00000000ed080000,0x00000000ef200000)
 ParOldGen       total 147968K, used 44997K [0x0000000080000000, 0x0000000089080000, 0x00000000d5580000)
  object space 147968K, 30% used [0x0000000080000000,0x0000000082bf14f0,0x0000000089080000)
 Metaspace       used 92145K, capacity 95900K, committed 98264K, reserved 1134592K
  class space    used 12014K, capacity 12826K, committed 13312K, reserved 1048576K
}

Deoptimization events (10 events):
Event: 5254.447 Thread 0x0000000023a94000 Uncommon trap: reason=unstable_if action=reinterpret pc=0x000000000341f154 method=java.nio.Bits.getShort(Ljava/nio/ByteBuffer;IZ)S @ 1
Event: 5254.707 Thread 0x000000001c236800 Uncommon trap: reason=unstable_if action=reinterpret pc=0x0000000003b6b710 method=org.gradle.internal.snapshot.VfsRelativePath.compareToFirstSegment(Ljava/lang/String;Lorg/gradle/internal/snapshot/CaseSensitivity;)I @ 156
Event: 5254.708 Thread 0x000000001c236800 Uncommon trap: reason=unstable_if action=reinterpret pc=0x00000000030baa38 method=org.gradle.internal.snapshot.VfsRelativePath.lengthOfCommonPrefix(Ljava/lang/String;Lorg/gradle/internal/snapshot/CaseSensitivity;)I @ 107
Event: 5254.854 Thread 0x000000001c12e800 Uncommon trap: reason=class_check action=maybe_recompile pc=0x0000000004dbdbe8 method=com.android.tools.build.apkzlib.zip.ZipField.checkVerifiesInvariants(J)V @ 25
Event: 5254.967 Thread 0x0000000023a94000 Uncommon trap: reason=class_check action=maybe_recompile pc=0x0000000004dbdbe8 method=com.android.tools.build.apkzlib.zip.ZipField.checkVerifiesInvariants(J)V @ 25
Event: 5254.968 Thread 0x000000001c12e800 Uncommon trap: reason=class_check action=maybe_recompile pc=0x0000000004dbdbe8 method=com.android.tools.build.apkzlib.zip.ZipField.checkVerifiesInvariants(J)V @ 25
Event: 5254.983 Thread 0x000000001c236800 Uncommon trap: reason=class_check action=maybe_recompile pc=0x00000000036b65b4 method=org.gradle.internal.fingerprint.impl.AbsolutePathFingerprintingStrategy$1.visitFile(Lorg/gradle/internal/snapshot/CompleteFileSystemLocationSnapshot;)V @ 18
Event: 5254.983 Thread 0x000000001c239000 Uncommon trap: reason=class_check action=maybe_recompile pc=0x00000000036b65b4 method=org.gradle.internal.fingerprint.impl.AbsolutePathFingerprintingStrategy$1.visitFile(Lorg/gradle/internal/snapshot/CompleteFileSystemLocationSnapshot;)V @ 18
Event: 5254.988 Thread 0x000000001c236800 Uncommon trap: reason=unstable_if action=reinterpret pc=0x0000000004a8af50 method=com.google.common.cache.LocalCache$AccessQueue.contains(Ljava/lang/Object;)Z @ 14
Event: 5254.990 Thread 0x000000001c236800 Uncommon trap: reason=unstable_if action=reinterpret pc=0x000000000307ce9c method=com.google.common.cache.LocalCache$AccessQueue.contains(Ljava/lang/Object;)Z @ 14

Classes redefined (0 events):
No events

Internal exceptions (10 events):
Event: 5254.321 Thread 0x0000000023a94000 Exception <a 'java/lang/NoSuchMethodError': java.lang.Object.newSystemTemporaryDirectory()Lcom/android/tools/build/apkzlib/bytestorage/TemporaryDirectory;> (0x00000000d99727c8) thrown at [C:\src\AOSP-openjdk-git\hotspot\src\share\vm\interpreter\linkResolv
Event: 5254.393 Thread 0x0000000023a94000 Implicit null exception at 0x0000000003d83f1c to 0x0000000003d8428d
Event: 5254.841 Thread 0x000000001c237800 Exception <a 'java/lang/NoSuchMethodError': java.lang.Object.lambda$static$0(Ljava/lang/String;)Z> (0x00000000db0a7600) thrown at [C:\src\AOSP-openjdk-git\hotspot\src\share\vm\interpreter\linkResolver.cpp, line 620]
Event: 5254.961 Thread 0x000000001c236800 Exception <a 'java/lang/OutOfMemoryError'> (0x00000000dc137bd0) thrown at [C:\src\AOSP-openjdk-git\hotspot\src\share\vm\prims\jni.cpp, line 737]
Event: 5254.961 Thread 0x000000001c239000 Exception <a 'java/lang/OutOfMemoryError'> (0x00000000dc1281a0) thrown at [C:\src\AOSP-openjdk-git\hotspot\src\share\vm\prims\jni.cpp, line 737]
Event: 5254.964 Thread 0x000000001c237800 Exception <a 'sun/nio/fs/WindowsException'> (0x00000000dc1b5fa8) thrown at [C:\src\AOSP-openjdk-git\hotspot\src\share\vm\prims\jni.cpp, line 710]
Event: 5254.974 Thread 0x000000001c238000 Exception <a 'sun/nio/fs/WindowsException'> (0x00000000dc332568) thrown at [C:\src\AOSP-openjdk-git\hotspot\src\share\vm\prims\jni.cpp, line 710]
Event: 5255.038 Thread 0x000000001c239000 Exception <a 'sun/nio/fs/WindowsException'> (0x00000000dc8802b8) thrown at [C:\src\AOSP-openjdk-git\hotspot\src\share\vm\prims\jni.cpp, line 710]
Event: 5255.039 Thread 0x000000001c23b000 Exception <a 'java/lang/OutOfMemoryError'> (0x00000000dc930968) thrown at [C:\src\AOSP-openjdk-git\hotspot\src\share\vm\prims\jni.cpp, line 737]
Event: 5255.039 Thread 0x000000001c236800 Exception <a 'java/lang/OutOfMemoryError'> (0x00000000dc936ca0) thrown at [C:\src\AOSP-openjdk-git\hotspot\src\share\vm\prims\jni.cpp, line 737]

Events (10 events):
Event: 5255.034 loading class com/android/tools/r8/origin/Origin
Event: 5255.034 loading class com/android/tools/r8/origin/Origin done
Event: 5255.034 loading class com/android/tools/r8/graph/I0
Event: 5255.034 loading class com/android/tools/r8/graph/I0 done
Event: 5255.035 loading class com/android/tools/r8/graph/I0
Event: 5255.035 loading class com/android/tools/r8/graph/I0 done
Event: 5255.037 loading class com/android/tools/r8/position/Position
Event: 5255.037 loading class com/android/tools/r8/position/Position done
Event: 5255.038 loading class com/android/tools/r8/position/Position$a
Event: 5255.038 loading class com/android/tools/r8/position/Position$a done


Dynamic libraries:
0x00007ff778690000 - 0x00007ff7786c1000 	C:\Program Files\Android\Android Studio\jre\bin\java.exe
0x00007ffeea7f0000 - 0x00007ffeea9e5000 	C:\WINDOWS\SYSTEM32\ntdll.dll
0x00007ffee9790000 - 0x00007ffee984d000 	C:\WINDOWS\System32\KERNEL32.DLL
0x00007ffee7f30000 - 0x00007ffee81f8000 	C:\WINDOWS\System32\KERNELBASE.dll
0x00007ffee9a40000 - 0x00007ffee9aec000 	C:\WINDOWS\System32\ADVAPI32.dll
0x00007ffee9c00000 - 0x00007ffee9c9e000 	C:\WINDOWS\System32\msvcrt.dll
0x00007ffee9ca0000 - 0x00007ffee9d3b000 	C:\WINDOWS\System32\sechost.dll
0x00007ffee9d50000 - 0x00007ffee9e7b000 	C:\WINDOWS\System32\RPCRT4.dll
0x00007ffee94d0000 - 0x00007ffee9670000 	C:\WINDOWS\System32\USER32.dll
0x00007ffee8470000 - 0x00007ffee8492000 	C:\WINDOWS\System32\win32u.dll
0x00007ffee8e10000 - 0x00007ffee8e3a000 	C:\WINDOWS\System32\GDI32.dll
0x00007ffee8360000 - 0x00007ffee846b000 	C:\WINDOWS\System32\gdi32full.dll
0x00007ffee87b0000 - 0x00007ffee884d000 	C:\WINDOWS\System32\msvcp_win.dll
0x00007ffee84f0000 - 0x00007ffee85f0000 	C:\WINDOWS\System32\ucrtbase.dll
0x00007ffed8520000 - 0x00007ffed87ba000 	C:\WINDOWS\WinSxS\amd64_microsoft.windows.common-controls_6595b64144ccf1df_6.0.19041.844_none_ca00b6081b84eb1d\COMCTL32.dll
0x00007ffee9af0000 - 0x00007ffee9b20000 	C:\WINDOWS\System32\IMM32.DLL
0x00000000674e0000 - 0x00000000675b2000 	C:\Program Files\Android\Android Studio\jre\jre\bin\msvcr100.dll
0x0000000067d40000 - 0x000000006858b000 	C:\Program Files\Android\Android Studio\jre\jre\bin\server\jvm.dll
0x00007ffee8990000 - 0x00007ffee8998000 	C:\WINDOWS\System32\PSAPI.DLL
0x00007ffede330000 - 0x00007ffede357000 	C:\WINDOWS\SYSTEM32\WINMM.dll
0x00007ffee5b20000 - 0x00007ffee5b2a000 	C:\WINDOWS\SYSTEM32\VERSION.dll
0x00007ffee3760000 - 0x00007ffee3769000 	C:\WINDOWS\SYSTEM32\WSOCK32.dll
0x00007ffee9460000 - 0x00007ffee94cb000 	C:\WINDOWS\System32\WS2_32.dll
0x00007ffedf600000 - 0x00007ffedf60f000 	C:\Program Files\Android\Android Studio\jre\jre\bin\verify.dll
0x00007ffec4060000 - 0x00007ffec4089000 	C:\Program Files\Android\Android Studio\jre\jre\bin\java.dll
0x00007ffec3b40000 - 0x00007ffec3b56000 	C:\Program Files\Android\Android Studio\jre\jre\bin\zip.dll
0x00007ffee9ee0000 - 0x00007ffeea622000 	C:\WINDOWS\System32\SHELL32.dll
0x00007ffee5e50000 - 0x00007ffee65e1000 	C:\WINDOWS\SYSTEM32\windows.storage.dll
0x00007ffee9020000 - 0x00007ffee9375000 	C:\WINDOWS\System32\combase.dll
0x00007ffee7930000 - 0x00007ffee795c000 	C:\WINDOWS\SYSTEM32\Wldp.dll
0x00007ffee8850000 - 0x00007ffee88fe000 	C:\WINDOWS\System32\SHCORE.dll
0x00007ffee9400000 - 0x00007ffee9455000 	C:\WINDOWS\System32\shlwapi.dll
0x00007ffee7e70000 - 0x00007ffee7e8f000 	C:\WINDOWS\SYSTEM32\profapi.dll
0x00007ffec03d0000 - 0x00007ffec03ea000 	C:\Program Files\Android\Android Studio\jre\jre\bin\net.dll
0x00007ffee76a0000 - 0x00007ffee770a000 	C:\WINDOWS\system32\mswsock.dll
0x00007ffebe290000 - 0x00007ffebe2a3000 	C:\Program Files\Android\Android Studio\jre\jre\bin\nio.dll
0x00007ffeb5f90000 - 0x00007ffeb5fb7000 	C:\Users\admin\.gradle\native\f6784746aeab05261644944871eae4fe03e0ef1612fff0a4a95f87b438bc6780\windows-amd64\native-platform.dll
0x00007ffed8ca0000 - 0x00007ffed8cad000 	C:\Program Files\Android\Android Studio\jre\jre\bin\management.dll
0x00007ffee7870000 - 0x00007ffee7888000 	C:\WINDOWS\SYSTEM32\CRYPTSP.dll
0x00007ffee7040000 - 0x00007ffee7074000 	C:\WINDOWS\system32\rsaenh.dll
0x00007ffee8700000 - 0x00007ffee8727000 	C:\WINDOWS\System32\bcrypt.dll
0x00007ffee7e30000 - 0x00007ffee7e5e000 	C:\WINDOWS\SYSTEM32\USERENV.dll
0x00007ffee8730000 - 0x00007ffee87b0000 	C:\WINDOWS\System32\bcryptprimitives.dll
0x00007ffee7890000 - 0x00007ffee789c000 	C:\WINDOWS\SYSTEM32\CRYPTBASE.dll
0x00007ffee7390000 - 0x00007ffee73cb000 	C:\WINDOWS\SYSTEM32\IPHLPAPI.DLL
0x00007ffee9010000 - 0x00007ffee9018000 	C:\WINDOWS\System32\NSI.dll
0x00007ffee0410000 - 0x00007ffee0427000 	C:\WINDOWS\SYSTEM32\dhcpcsvc6.DLL
0x00007ffee0bd0000 - 0x00007ffee0bed000 	C:\WINDOWS\SYSTEM32\dhcpcsvc.DLL
0x00007ffee73d0000 - 0x00007ffee749c000 	C:\WINDOWS\SYSTEM32\DNSAPI.dll
0x00007ffee0ee0000 - 0x00007ffee0eeb000 	C:\WINDOWS\SYSTEM32\WINNSI.DLL
0x00007ffeb6c80000 - 0x00007ffeb6ca4000 	C:\Program Files\Android\Android Studio\jre\jre\bin\sunec.dll
0x00007ffed8cd0000 - 0x00007ffed8cda000 	C:\Windows\System32\rasadhlp.dll
0x00007ffed67e0000 - 0x00007ffed685f000 	C:\WINDOWS\System32\fwpuclnt.dll
0x00007ffed8c40000 - 0x00007ffed8c4b000 	C:\Program Files\Android\Android Studio\jre\jre\bin\sunmscapi.dll
0x00007ffee8200000 - 0x00007ffee835f000 	C:\WINDOWS\System32\CRYPT32.dll

VM Arguments:
jvm_args: -Xmx2048m -Dfile.encoding=UTF-8 -Duser.country=ID -Duser.language=en -Duser.variant 
java_command: org.gradle.launcher.daemon.bootstrap.GradleDaemon 6.5
java_class_path (initial): C:\Users\admin\.gradle\wrapper\dists\gradle-6.5-bin\6nifqtx7604sqp1q6g8wikw7p\gradle-6.5\lib\gradle-launcher-6.5.jar
Launcher Type: SUN_STANDARD

Environment Variables:
PATH=C:\WINDOWS\system32;C:\WINDOWS;C:\WINDOWS\System32\Wbem;C:\WINDOWS\System32\WindowsPowerShell\v1.0\;C:\WINDOWS\System32\OpenSSH\;C:\Program Files (x86)\Microsoft SQL Server\140\Tools\Binn\;C:\Program Files\Microsoft SQL Server\140\Tools\Binn\;C:\Program Files (x86)\Microsoft SQL Server\140\DTS\Binn\;C:\Program Files\Microsoft SQL Server\140\DTS\Binn\;C:\Program Files\Microsoft SQL Server\Client SDK\ODBC\130\Tools\Binn\;C:\Program Files (x86)\Microsoft SQL Server\150\DTS\Binn\;C:\Program Files\Azure Data Studio\bin;C:\Program Files\Git\cmd;C:\Users\admin\AppData\Local\Microsoft\WindowsApps;C:\Users\admin\AppData\Local\Programs\Microsoft VS Code\bin;C:\Program Files\Azure Data Studio\bin;C:\Users\admin\AppData\Local\GitHubDesktop\bin;
USERNAME=admin
OS=Windows_NT
PROCESSOR_IDENTIFIER=AMD64 Family 23 Model 24 Stepping 1, AuthenticAMD



---------------  S Y S T E M  ---------------

OS: Windows 10.0 , 64 bit Build 19041 (10.0.19041.804)

CPU:total 8 (initial active 8) (8 cores per cpu, 1 threads per core) family 23 model 24 stepping 1, cmov, cx8, fxsr, mmx, sse, sse2, sse3, ssse3, sse4.1, sse4.2, popcnt, avx, avx2, aes, clmul, mmxext, 3dnowpref, lzcnt, sse4a, tsc, tscinvbit, tscinv, bmi1

Memory: 4k page, physical 6066492k(202964k free), swap 14435656k(488k free)

vm_info: OpenJDK 64-Bit Server VM (25.242-b01) for windows-amd64 JRE (1.8.0_242-release-1644-b01), built by "builder" with MS VC++ 10.0 (VS2010)

time: Tue Apr 13 19:56:15 2021
timezone: SE Asia Standard Time
elapsed time: 5255 seconds (0d 1h 27m 35s)

